22-Dec-2024 02:13:25.259 INFO [Thread-1] org.apache.coyote.AbstractProtocol.pause Pausing ProtocolHandler ["http-nio-8080"]
22-Dec-2024 02:13:25.261 INFO [Thread-1] org.apache.catalina.core.StandardService.stopInternal Stopping service [Catalina]
22-Dec-2024 02:13:25.282 WARNING [Thread-1] org.apache.catalina.loader.WebappClassLoaderBase.clearReferencesJdbc The web application [OnlineShopping] registered the JDBC driver [org.mariadb.jdbc.Driver] but failed to unregister it when the web application was stopped. To prevent a memory leak, the JDBC Driver has been forcibly unregistered.
22-Dec-2024 02:13:25.289 INFO [Thread-1] org.apache.coyote.AbstractProtocol.stop Stopping ProtocolHandler ["http-nio-8080"]
22-Dec-2024 02:13:25.295 INFO [Thread-1] org.apache.coyote.AbstractProtocol.destroy Destroying ProtocolHandler ["http-nio-8080"]
22-Dec-2024 17:53:12.863 INFO [main] org.apache.catalina.startup.VersionLoggerListener.log Server version name:   Apache Tomcat/11.0.2
22-Dec-2024 17:53:12.867 INFO [main] org.apache.catalina.startup.VersionLoggerListener.log Server built:          Dec 5 2024 15:19:37 UTC
22-Dec-2024 17:53:12.868 INFO [main] org.apache.catalina.startup.VersionLoggerListener.log Server version number: 11.0.2.0
22-Dec-2024 17:53:12.868 INFO [main] org.apache.catalina.startup.VersionLoggerListener.log OS Name:               Linux
22-Dec-2024 17:53:12.868 INFO [main] org.apache.catalina.startup.VersionLoggerListener.log OS Version:            6.1.0-25-amd64
22-Dec-2024 17:53:12.868 INFO [main] org.apache.catalina.startup.VersionLoggerListener.log Architecture:          amd64
22-Dec-2024 17:53:12.868 INFO [main] org.apache.catalina.startup.VersionLoggerListener.log Java Home:             /home/rushil/.jdks/openjdk-20.0.2
22-Dec-2024 17:53:12.868 INFO [main] org.apache.catalina.startup.VersionLoggerListener.log JVM Version:           20.0.2+9-78
22-Dec-2024 17:53:12.869 INFO [main] org.apache.catalina.startup.VersionLoggerListener.log JVM Vendor:            Oracle Corporation
22-Dec-2024 17:53:12.869 INFO [main] org.apache.catalina.startup.VersionLoggerListener.log CATALINA_BASE:         /home/rushil/CDACPune_2024/Java/AdvancedJava/apache-tomcat-11.0.2
22-Dec-2024 17:53:12.869 INFO [main] org.apache.catalina.startup.VersionLoggerListener.log CATALINA_HOME:         /home/rushil/CDACPune_2024/Java/AdvancedJava/apache-tomcat-11.0.2
22-Dec-2024 17:53:12.880 INFO [main] org.apache.catalina.startup.VersionLoggerListener.log Command line argument: --add-opens=java.base/java.lang=ALL-UNNAMED
22-Dec-2024 17:53:12.880 INFO [main] org.apache.catalina.startup.VersionLoggerListener.log Command line argument: --add-opens=java.base/java.io=ALL-UNNAMED
22-Dec-2024 17:53:12.881 INFO [main] org.apache.catalina.startup.VersionLoggerListener.log Command line argument: --add-opens=java.base/java.util=ALL-UNNAMED
22-Dec-2024 17:53:12.881 INFO [main] org.apache.catalina.startup.VersionLoggerListener.log Command line argument: --add-opens=java.base/java.util.concurrent=ALL-UNNAMED
22-Dec-2024 17:53:12.881 INFO [main] org.apache.catalina.startup.VersionLoggerListener.log Command line argument: --add-opens=java.rmi/sun.rmi.transport=ALL-UNNAMED
22-Dec-2024 17:53:12.881 INFO [main] org.apache.catalina.startup.VersionLoggerListener.log Command line argument: -Dcatalina.home=/home/rushil/CDACPune_2024/Java/AdvancedJava/apache-tomcat-11.0.2
22-Dec-2024 17:53:12.881 INFO [main] org.apache.catalina.startup.VersionLoggerListener.log Command line argument: -Dcatalina.base=/home/rushil/CDACPune_2024/Java/AdvancedJava/apache-tomcat-11.0.2
22-Dec-2024 17:53:12.881 INFO [main] org.apache.catalina.startup.VersionLoggerListener.log Command line argument: -Djava.io.tmpdir=/home/rushil/CDACPune_2024/Java/AdvancedJava/apache-tomcat-11.0.2/temp
22-Dec-2024 17:53:12.881 INFO [main] org.apache.catalina.startup.VersionLoggerListener.log Command line argument: -Djava.util.logging.config.file=/home/rushil/CDACPune_2024/Java/AdvancedJava/apache-tomcat-11.0.2/conf/logging.properties
22-Dec-2024 17:53:12.881 INFO [main] org.apache.catalina.startup.VersionLoggerListener.log Command line argument: -Djava.util.logging.manager=org.apache.juli.ClassLoaderLogManager
22-Dec-2024 17:53:12.881 INFO [main] org.apache.catalina.startup.VersionLoggerListener.log Command line argument: -javaagent:/opt/idea-IU-243.22562.145/lib/idea_rt.jar=35145:/opt/idea-IU-243.22562.145/bin
22-Dec-2024 17:53:12.882 INFO [main] org.apache.catalina.startup.VersionLoggerListener.log Command line argument: -Dfile.encoding=UTF-8
22-Dec-2024 17:53:12.882 INFO [main] org.apache.catalina.startup.VersionLoggerListener.log Command line argument: -Dsun.stdout.encoding=UTF-8
22-Dec-2024 17:53:12.882 INFO [main] org.apache.catalina.startup.VersionLoggerListener.log Command line argument: -Dsun.stderr.encoding=UTF-8
22-Dec-2024 17:53:12.884 INFO [main] org.apache.catalina.core.AprLifecycleListener.lifecycleEvent The Apache Tomcat Native library which allows using OpenSSL was not found on the java.library.path: [/usr/java/packages/lib:/usr/lib64:/lib64:/lib:/usr/lib]
22-Dec-2024 17:53:13.374 INFO [main] org.apache.coyote.AbstractProtocol.init Initializing ProtocolHandler ["http-nio-8080"]
22-Dec-2024 17:53:13.396 INFO [main] org.apache.catalina.startup.Catalina.load Server initialization in [822] milliseconds
22-Dec-2024 17:53:13.451 INFO [main] org.apache.catalina.core.StandardService.startInternal Starting service [Catalina]
22-Dec-2024 17:53:13.452 INFO [main] org.apache.catalina.core.StandardEngine.startInternal Starting Servlet engine: [Apache Tomcat/11.0.2]
22-Dec-2024 17:53:13.461 INFO [main] org.apache.catalina.startup.HostConfig.deployDescriptor Deploying deployment descriptor [/home/rushil/CDACPune_2024/Java/AdvancedJava/apache-tomcat-11.0.2/conf/Catalina/localhost/OnlineShopping.xml]
22-Dec-2024 17:53:14.129 INFO [main] org.apache.jasper.servlet.TldScanner.scanJars At least one JAR was scanned for TLDs yet contained no TLDs. Enable debug logging for this logger for a complete list of JARs that were scanned but no TLDs were found in them. Skipping unneeded JARs during scanning can improve startup time and JSP compilation time.
22-Dec-2024 17:53:14.156 INFO [main] org.apache.catalina.startup.HostConfig.deployDescriptor Deployment of deployment descriptor [/home/rushil/CDACPune_2024/Java/AdvancedJava/apache-tomcat-11.0.2/conf/Catalina/localhost/OnlineShopping.xml] has finished in [694] ms
22-Dec-2024 17:53:14.156 INFO [main] org.apache.catalina.startup.HostConfig.deployDescriptor Deploying deployment descriptor [/home/rushil/CDACPune_2024/Java/AdvancedJava/apache-tomcat-11.0.2/conf/Catalina/localhost/q1.xml]
22-Dec-2024 17:53:14.172 INFO [main] org.apache.catalina.startup.HostConfig.deployDescriptor Deployment of deployment descriptor [/home/rushil/CDACPune_2024/Java/AdvancedJava/apache-tomcat-11.0.2/conf/Catalina/localhost/q1.xml] has finished in [16] ms
22-Dec-2024 17:53:14.173 INFO [main] org.apache.catalina.startup.HostConfig.deployDirectory Deploying web application directory [/home/rushil/CDACPune_2024/Java/AdvancedJava/apache-tomcat-11.0.2/webapps/manager]
22-Dec-2024 17:53:14.211 INFO [main] org.apache.catalina.startup.HostConfig.deployDirectory Deployment of web application directory [/home/rushil/CDACPune_2024/Java/AdvancedJava/apache-tomcat-11.0.2/webapps/manager] has finished in [38] ms
22-Dec-2024 17:53:14.211 INFO [main] org.apache.catalina.startup.HostConfig.deployDirectory Deploying web application directory [/home/rushil/CDACPune_2024/Java/AdvancedJava/apache-tomcat-11.0.2/webapps/docs]
22-Dec-2024 17:53:14.232 INFO [main] org.apache.catalina.startup.HostConfig.deployDirectory Deployment of web application directory [/home/rushil/CDACPune_2024/Java/AdvancedJava/apache-tomcat-11.0.2/webapps/docs] has finished in [20] ms
22-Dec-2024 17:53:14.232 INFO [main] org.apache.catalina.startup.HostConfig.deployDirectory Deploying web application directory [/home/rushil/CDACPune_2024/Java/AdvancedJava/apache-tomcat-11.0.2/webapps/ROOT]
22-Dec-2024 17:53:14.247 INFO [main] org.apache.catalina.startup.HostConfig.deployDirectory Deployment of web application directory [/home/rushil/CDACPune_2024/Java/AdvancedJava/apache-tomcat-11.0.2/webapps/ROOT] has finished in [15] ms
22-Dec-2024 17:53:14.247 INFO [main] org.apache.catalina.startup.HostConfig.deployDirectory Deploying web application directory [/home/rushil/CDACPune_2024/Java/AdvancedJava/apache-tomcat-11.0.2/webapps/examples]
22-Dec-2024 17:53:14.465 INFO [main] org.apache.catalina.startup.HostConfig.deployDirectory Deployment of web application directory [/home/rushil/CDACPune_2024/Java/AdvancedJava/apache-tomcat-11.0.2/webapps/examples] has finished in [218] ms
22-Dec-2024 17:53:14.466 INFO [main] org.apache.catalina.startup.HostConfig.deployDirectory Deploying web application directory [/home/rushil/CDACPune_2024/Java/AdvancedJava/apache-tomcat-11.0.2/webapps/host-manager]
22-Dec-2024 17:53:14.490 INFO [main] org.apache.catalina.startup.HostConfig.deployDirectory Deployment of web application directory [/home/rushil/CDACPune_2024/Java/AdvancedJava/apache-tomcat-11.0.2/webapps/host-manager] has finished in [24] ms
22-Dec-2024 17:53:14.494 INFO [main] org.apache.coyote.AbstractProtocol.start Starting ProtocolHandler ["http-nio-8080"]
22-Dec-2024 17:53:14.508 INFO [main] org.apache.catalina.startup.Catalina.start Server startup in [1109] milliseconds
22-Dec-2024 17:54:26.791 INFO [Thread-1] org.apache.coyote.AbstractProtocol.pause Pausing ProtocolHandler ["http-nio-8080"]
22-Dec-2024 17:54:26.792 INFO [Thread-1] org.apache.catalina.core.StandardService.stopInternal Stopping service [Catalina]
22-Dec-2024 17:54:26.824 WARNING [Thread-1] org.apache.catalina.loader.WebappClassLoaderBase.clearReferencesJdbc The web application [OnlineShopping] registered the JDBC driver [org.mariadb.jdbc.Driver] but failed to unregister it when the web application was stopped. To prevent a memory leak, the JDBC Driver has been forcibly unregistered.
22-Dec-2024 17:54:26.831 INFO [Thread-1] org.apache.coyote.AbstractProtocol.stop Stopping ProtocolHandler ["http-nio-8080"]
22-Dec-2024 17:54:26.836 INFO [Thread-1] org.apache.coyote.AbstractProtocol.destroy Destroying ProtocolHandler ["http-nio-8080"]
22-Dec-2024 17:54:29.485 INFO [main] org.apache.catalina.startup.VersionLoggerListener.log Server version name:   Apache Tomcat/11.0.2
22-Dec-2024 17:54:29.489 INFO [main] org.apache.catalina.startup.VersionLoggerListener.log Server built:          Dec 5 2024 15:19:37 UTC
22-Dec-2024 17:54:29.489 INFO [main] org.apache.catalina.startup.VersionLoggerListener.log Server version number: 11.0.2.0
22-Dec-2024 17:54:29.489 INFO [main] org.apache.catalina.startup.VersionLoggerListener.log OS Name:               Linux
22-Dec-2024 17:54:29.490 INFO [main] org.apache.catalina.startup.VersionLoggerListener.log OS Version:            6.1.0-25-amd64
22-Dec-2024 17:54:29.490 INFO [main] org.apache.catalina.startup.VersionLoggerListener.log Architecture:          amd64
22-Dec-2024 17:54:29.490 INFO [main] org.apache.catalina.startup.VersionLoggerListener.log Java Home:             /home/rushil/.jdks/openjdk-20.0.2
22-Dec-2024 17:54:29.490 INFO [main] org.apache.catalina.startup.VersionLoggerListener.log JVM Version:           20.0.2+9-78
22-Dec-2024 17:54:29.490 INFO [main] org.apache.catalina.startup.VersionLoggerListener.log JVM Vendor:            Oracle Corporation
22-Dec-2024 17:54:29.490 INFO [main] org.apache.catalina.startup.VersionLoggerListener.log CATALINA_BASE:         /home/rushil/CDACPune_2024/Java/AdvancedJava/apache-tomcat-11.0.2
22-Dec-2024 17:54:29.490 INFO [main] org.apache.catalina.startup.VersionLoggerListener.log CATALINA_HOME:         /home/rushil/CDACPune_2024/Java/AdvancedJava/apache-tomcat-11.0.2
22-Dec-2024 17:54:29.498 INFO [main] org.apache.catalina.startup.VersionLoggerListener.log Command line argument: --add-opens=java.base/java.lang=ALL-UNNAMED
22-Dec-2024 17:54:29.498 INFO [main] org.apache.catalina.startup.VersionLoggerListener.log Command line argument: --add-opens=java.base/java.io=ALL-UNNAMED
22-Dec-2024 17:54:29.498 INFO [main] org.apache.catalina.startup.VersionLoggerListener.log Command line argument: --add-opens=java.base/java.util=ALL-UNNAMED
22-Dec-2024 17:54:29.498 INFO [main] org.apache.catalina.startup.VersionLoggerListener.log Command line argument: --add-opens=java.base/java.util.concurrent=ALL-UNNAMED
22-Dec-2024 17:54:29.498 INFO [main] org.apache.catalina.startup.VersionLoggerListener.log Command line argument: --add-opens=java.rmi/sun.rmi.transport=ALL-UNNAMED
22-Dec-2024 17:54:29.499 INFO [main] org.apache.catalina.startup.VersionLoggerListener.log Command line argument: -Dcatalina.home=/home/rushil/CDACPune_2024/Java/AdvancedJava/apache-tomcat-11.0.2
22-Dec-2024 17:54:29.499 INFO [main] org.apache.catalina.startup.VersionLoggerListener.log Command line argument: -Dcatalina.base=/home/rushil/CDACPune_2024/Java/AdvancedJava/apache-tomcat-11.0.2
22-Dec-2024 17:54:29.499 INFO [main] org.apache.catalina.startup.VersionLoggerListener.log Command line argument: -Djava.io.tmpdir=/home/rushil/CDACPune_2024/Java/AdvancedJava/apache-tomcat-11.0.2/temp
22-Dec-2024 17:54:29.499 INFO [main] org.apache.catalina.startup.VersionLoggerListener.log Command line argument: -Djava.util.logging.config.file=/home/rushil/CDACPune_2024/Java/AdvancedJava/apache-tomcat-11.0.2/conf/logging.properties
22-Dec-2024 17:54:29.499 INFO [main] org.apache.catalina.startup.VersionLoggerListener.log Command line argument: -Djava.util.logging.manager=org.apache.juli.ClassLoaderLogManager
22-Dec-2024 17:54:29.499 INFO [main] org.apache.catalina.startup.VersionLoggerListener.log Command line argument: -javaagent:/opt/idea-IU-243.22562.145/lib/idea_rt.jar=41069:/opt/idea-IU-243.22562.145/bin
22-Dec-2024 17:54:29.499 INFO [main] org.apache.catalina.startup.VersionLoggerListener.log Command line argument: -Dfile.encoding=UTF-8
22-Dec-2024 17:54:29.499 INFO [main] org.apache.catalina.startup.VersionLoggerListener.log Command line argument: -Dsun.stdout.encoding=UTF-8
22-Dec-2024 17:54:29.499 INFO [main] org.apache.catalina.startup.VersionLoggerListener.log Command line argument: -Dsun.stderr.encoding=UTF-8
22-Dec-2024 17:54:29.501 INFO [main] org.apache.catalina.core.AprLifecycleListener.lifecycleEvent The Apache Tomcat Native library which allows using OpenSSL was not found on the java.library.path: [/usr/java/packages/lib:/usr/lib64:/lib64:/lib:/usr/lib]
22-Dec-2024 17:54:30.013 INFO [main] org.apache.coyote.AbstractProtocol.init Initializing ProtocolHandler ["http-nio-8080"]
22-Dec-2024 17:54:30.036 INFO [main] org.apache.catalina.startup.Catalina.load Server initialization in [746] milliseconds
22-Dec-2024 17:54:30.091 INFO [main] org.apache.catalina.core.StandardService.startInternal Starting service [Catalina]
22-Dec-2024 17:54:30.092 INFO [main] org.apache.catalina.core.StandardEngine.startInternal Starting Servlet engine: [Apache Tomcat/11.0.2]
22-Dec-2024 17:54:30.102 INFO [main] org.apache.catalina.startup.HostConfig.deployDescriptor Deploying deployment descriptor [/home/rushil/CDACPune_2024/Java/AdvancedJava/apache-tomcat-11.0.2/conf/Catalina/localhost/OnlineShopping.xml]
22-Dec-2024 17:54:30.800 INFO [main] org.apache.jasper.servlet.TldScanner.scanJars At least one JAR was scanned for TLDs yet contained no TLDs. Enable debug logging for this logger for a complete list of JARs that were scanned but no TLDs were found in them. Skipping unneeded JARs during scanning can improve startup time and JSP compilation time.
22-Dec-2024 17:54:30.824 INFO [main] org.apache.catalina.startup.HostConfig.deployDescriptor Deployment of deployment descriptor [/home/rushil/CDACPune_2024/Java/AdvancedJava/apache-tomcat-11.0.2/conf/Catalina/localhost/OnlineShopping.xml] has finished in [722] ms
22-Dec-2024 17:54:30.825 INFO [main] org.apache.catalina.startup.HostConfig.deployDescriptor Deploying deployment descriptor [/home/rushil/CDACPune_2024/Java/AdvancedJava/apache-tomcat-11.0.2/conf/Catalina/localhost/q1.xml]
22-Dec-2024 17:54:30.842 INFO [main] org.apache.catalina.startup.HostConfig.deployDescriptor Deployment of deployment descriptor [/home/rushil/CDACPune_2024/Java/AdvancedJava/apache-tomcat-11.0.2/conf/Catalina/localhost/q1.xml] has finished in [17] ms
22-Dec-2024 17:54:30.843 INFO [main] org.apache.catalina.startup.HostConfig.deployDirectory Deploying web application directory [/home/rushil/CDACPune_2024/Java/AdvancedJava/apache-tomcat-11.0.2/webapps/manager]
22-Dec-2024 17:54:30.873 INFO [main] org.apache.catalina.startup.HostConfig.deployDirectory Deployment of web application directory [/home/rushil/CDACPune_2024/Java/AdvancedJava/apache-tomcat-11.0.2/webapps/manager] has finished in [29] ms
22-Dec-2024 17:54:30.873 INFO [main] org.apache.catalina.startup.HostConfig.deployDirectory Deploying web application directory [/home/rushil/CDACPune_2024/Java/AdvancedJava/apache-tomcat-11.0.2/webapps/docs]
22-Dec-2024 17:54:30.890 INFO [main] org.apache.catalina.startup.HostConfig.deployDirectory Deployment of web application directory [/home/rushil/CDACPune_2024/Java/AdvancedJava/apache-tomcat-11.0.2/webapps/docs] has finished in [17] ms
22-Dec-2024 17:54:30.891 INFO [main] org.apache.catalina.startup.HostConfig.deployDirectory Deploying web application directory [/home/rushil/CDACPune_2024/Java/AdvancedJava/apache-tomcat-11.0.2/webapps/ROOT]
22-Dec-2024 17:54:30.909 INFO [main] org.apache.catalina.startup.HostConfig.deployDirectory Deployment of web application directory [/home/rushil/CDACPune_2024/Java/AdvancedJava/apache-tomcat-11.0.2/webapps/ROOT] has finished in [18] ms
22-Dec-2024 17:54:30.909 INFO [main] org.apache.catalina.startup.HostConfig.deployDirectory Deploying web application directory [/home/rushil/CDACPune_2024/Java/AdvancedJava/apache-tomcat-11.0.2/webapps/examples]
22-Dec-2024 17:54:31.095 INFO [main] org.apache.catalina.startup.HostConfig.deployDirectory Deployment of web application directory [/home/rushil/CDACPune_2024/Java/AdvancedJava/apache-tomcat-11.0.2/webapps/examples] has finished in [186] ms
22-Dec-2024 17:54:31.095 INFO [main] org.apache.catalina.startup.HostConfig.deployDirectory Deploying web application directory [/home/rushil/CDACPune_2024/Java/AdvancedJava/apache-tomcat-11.0.2/webapps/host-manager]
22-Dec-2024 17:54:31.119 INFO [main] org.apache.catalina.startup.HostConfig.deployDirectory Deployment of web application directory [/home/rushil/CDACPune_2024/Java/AdvancedJava/apache-tomcat-11.0.2/webapps/host-manager] has finished in [24] ms
22-Dec-2024 17:54:31.124 INFO [main] org.apache.coyote.AbstractProtocol.start Starting ProtocolHandler ["http-nio-8080"]
22-Dec-2024 17:54:31.136 INFO [main] org.apache.catalina.startup.Catalina.start Server startup in [1098] milliseconds
22-Dec-2024 17:55:00.429 INFO [Thread-1] org.apache.coyote.AbstractProtocol.pause Pausing ProtocolHandler ["http-nio-8080"]
22-Dec-2024 17:55:00.430 INFO [Thread-1] org.apache.catalina.core.StandardService.stopInternal Stopping service [Catalina]
22-Dec-2024 17:55:00.452 WARNING [Thread-1] org.apache.catalina.loader.WebappClassLoaderBase.clearReferencesJdbc The web application [OnlineShopping] registered the JDBC driver [org.mariadb.jdbc.Driver] but failed to unregister it when the web application was stopped. To prevent a memory leak, the JDBC Driver has been forcibly unregistered.
22-Dec-2024 17:55:00.459 INFO [Thread-1] org.apache.coyote.AbstractProtocol.stop Stopping ProtocolHandler ["http-nio-8080"]
22-Dec-2024 17:55:00.465 INFO [Thread-1] org.apache.coyote.AbstractProtocol.destroy Destroying ProtocolHandler ["http-nio-8080"]
22-Dec-2024 18:09:08.445 INFO [main] org.apache.catalina.startup.VersionLoggerListener.log Server version name:   Apache Tomcat/11.0.2
22-Dec-2024 18:09:08.449 INFO [main] org.apache.catalina.startup.VersionLoggerListener.log Server built:          Dec 5 2024 15:19:37 UTC
22-Dec-2024 18:09:08.449 INFO [main] org.apache.catalina.startup.VersionLoggerListener.log Server version number: 11.0.2.0
22-Dec-2024 18:09:08.450 INFO [main] org.apache.catalina.startup.VersionLoggerListener.log OS Name:               Linux
22-Dec-2024 18:09:08.450 INFO [main] org.apache.catalina.startup.VersionLoggerListener.log OS Version:            6.1.0-25-amd64
22-Dec-2024 18:09:08.450 INFO [main] org.apache.catalina.startup.VersionLoggerListener.log Architecture:          amd64
22-Dec-2024 18:09:08.450 INFO [main] org.apache.catalina.startup.VersionLoggerListener.log Java Home:             /home/rushil/.jdks/openjdk-20.0.2
22-Dec-2024 18:09:08.450 INFO [main] org.apache.catalina.startup.VersionLoggerListener.log JVM Version:           20.0.2+9-78
22-Dec-2024 18:09:08.450 INFO [main] org.apache.catalina.startup.VersionLoggerListener.log JVM Vendor:            Oracle Corporation
22-Dec-2024 18:09:08.450 INFO [main] org.apache.catalina.startup.VersionLoggerListener.log CATALINA_BASE:         /home/rushil/CDACPune_2024/Java/AdvancedJava/apache-tomcat-11.0.2
22-Dec-2024 18:09:08.451 INFO [main] org.apache.catalina.startup.VersionLoggerListener.log CATALINA_HOME:         /home/rushil/CDACPune_2024/Java/AdvancedJava/apache-tomcat-11.0.2
22-Dec-2024 18:09:08.459 INFO [main] org.apache.catalina.startup.VersionLoggerListener.log Command line argument: --add-opens=java.base/java.lang=ALL-UNNAMED
22-Dec-2024 18:09:08.459 INFO [main] org.apache.catalina.startup.VersionLoggerListener.log Command line argument: --add-opens=java.base/java.io=ALL-UNNAMED
22-Dec-2024 18:09:08.459 INFO [main] org.apache.catalina.startup.VersionLoggerListener.log Command line argument: --add-opens=java.base/java.util=ALL-UNNAMED
22-Dec-2024 18:09:08.460 INFO [main] org.apache.catalina.startup.VersionLoggerListener.log Command line argument: --add-opens=java.base/java.util.concurrent=ALL-UNNAMED
22-Dec-2024 18:09:08.460 INFO [main] org.apache.catalina.startup.VersionLoggerListener.log Command line argument: --add-opens=java.rmi/sun.rmi.transport=ALL-UNNAMED
22-Dec-2024 18:09:08.460 INFO [main] org.apache.catalina.startup.VersionLoggerListener.log Command line argument: -Dcatalina.home=/home/rushil/CDACPune_2024/Java/AdvancedJava/apache-tomcat-11.0.2
22-Dec-2024 18:09:08.460 INFO [main] org.apache.catalina.startup.VersionLoggerListener.log Command line argument: -Dcatalina.base=/home/rushil/CDACPune_2024/Java/AdvancedJava/apache-tomcat-11.0.2
22-Dec-2024 18:09:08.460 INFO [main] org.apache.catalina.startup.VersionLoggerListener.log Command line argument: -Djava.io.tmpdir=/home/rushil/CDACPune_2024/Java/AdvancedJava/apache-tomcat-11.0.2/temp
22-Dec-2024 18:09:08.460 INFO [main] org.apache.catalina.startup.VersionLoggerListener.log Command line argument: -Djava.util.logging.config.file=/home/rushil/CDACPune_2024/Java/AdvancedJava/apache-tomcat-11.0.2/conf/logging.properties
22-Dec-2024 18:09:08.460 INFO [main] org.apache.catalina.startup.VersionLoggerListener.log Command line argument: -Djava.util.logging.manager=org.apache.juli.ClassLoaderLogManager
22-Dec-2024 18:09:08.460 INFO [main] org.apache.catalina.startup.VersionLoggerListener.log Command line argument: -javaagent:/opt/idea-IU-243.22562.145/lib/idea_rt.jar=42257:/opt/idea-IU-243.22562.145/bin
22-Dec-2024 18:09:08.461 INFO [main] org.apache.catalina.startup.VersionLoggerListener.log Command line argument: -Dfile.encoding=UTF-8
22-Dec-2024 18:09:08.461 INFO [main] org.apache.catalina.startup.VersionLoggerListener.log Command line argument: -Dsun.stdout.encoding=UTF-8
22-Dec-2024 18:09:08.461 INFO [main] org.apache.catalina.startup.VersionLoggerListener.log Command line argument: -Dsun.stderr.encoding=UTF-8
22-Dec-2024 18:09:08.462 INFO [main] org.apache.catalina.core.AprLifecycleListener.lifecycleEvent The Apache Tomcat Native library which allows using OpenSSL was not found on the java.library.path: [/usr/java/packages/lib:/usr/lib64:/lib64:/lib:/usr/lib]
22-Dec-2024 18:09:08.916 INFO [main] org.apache.coyote.AbstractProtocol.init Initializing ProtocolHandler ["http-nio-8080"]
22-Dec-2024 18:09:08.938 INFO [main] org.apache.catalina.startup.Catalina.load Server initialization in [693] milliseconds
22-Dec-2024 18:09:08.986 INFO [main] org.apache.catalina.core.StandardService.startInternal Starting service [Catalina]
22-Dec-2024 18:09:08.986 INFO [main] org.apache.catalina.core.StandardEngine.startInternal Starting Servlet engine: [Apache Tomcat/11.0.2]
22-Dec-2024 18:09:08.997 INFO [main] org.apache.catalina.startup.HostConfig.deployDescriptor Deploying deployment descriptor [/home/rushil/CDACPune_2024/Java/AdvancedJava/apache-tomcat-11.0.2/conf/Catalina/localhost/OnlineShopping.xml]
22-Dec-2024 18:09:09.734 INFO [main] org.apache.jasper.servlet.TldScanner.scanJars At least one JAR was scanned for TLDs yet contained no TLDs. Enable debug logging for this logger for a complete list of JARs that were scanned but no TLDs were found in them. Skipping unneeded JARs during scanning can improve startup time and JSP compilation time.
22-Dec-2024 18:09:09.759 INFO [main] org.apache.catalina.startup.HostConfig.deployDescriptor Deployment of deployment descriptor [/home/rushil/CDACPune_2024/Java/AdvancedJava/apache-tomcat-11.0.2/conf/Catalina/localhost/OnlineShopping.xml] has finished in [762] ms
22-Dec-2024 18:09:09.760 INFO [main] org.apache.catalina.startup.HostConfig.deployDescriptor Deploying deployment descriptor [/home/rushil/CDACPune_2024/Java/AdvancedJava/apache-tomcat-11.0.2/conf/Catalina/localhost/q1.xml]
22-Dec-2024 18:09:09.779 INFO [main] org.apache.catalina.startup.HostConfig.deployDescriptor Deployment of deployment descriptor [/home/rushil/CDACPune_2024/Java/AdvancedJava/apache-tomcat-11.0.2/conf/Catalina/localhost/q1.xml] has finished in [20] ms
22-Dec-2024 18:09:09.779 INFO [main] org.apache.catalina.startup.HostConfig.deployDirectory Deploying web application directory [/home/rushil/CDACPune_2024/Java/AdvancedJava/apache-tomcat-11.0.2/webapps/manager]
22-Dec-2024 18:09:09.808 INFO [main] org.apache.catalina.startup.HostConfig.deployDirectory Deployment of web application directory [/home/rushil/CDACPune_2024/Java/AdvancedJava/apache-tomcat-11.0.2/webapps/manager] has finished in [29] ms
22-Dec-2024 18:09:09.808 INFO [main] org.apache.catalina.startup.HostConfig.deployDirectory Deploying web application directory [/home/rushil/CDACPune_2024/Java/AdvancedJava/apache-tomcat-11.0.2/webapps/docs]
22-Dec-2024 18:09:09.822 INFO [main] org.apache.catalina.startup.HostConfig.deployDirectory Deployment of web application directory [/home/rushil/CDACPune_2024/Java/AdvancedJava/apache-tomcat-11.0.2/webapps/docs] has finished in [14] ms
22-Dec-2024 18:09:09.822 INFO [main] org.apache.catalina.startup.HostConfig.deployDirectory Deploying web application directory [/home/rushil/CDACPune_2024/Java/AdvancedJava/apache-tomcat-11.0.2/webapps/ROOT]
22-Dec-2024 18:09:09.835 INFO [main] org.apache.catalina.startup.HostConfig.deployDirectory Deployment of web application directory [/home/rushil/CDACPune_2024/Java/AdvancedJava/apache-tomcat-11.0.2/webapps/ROOT] has finished in [13] ms
22-Dec-2024 18:09:09.835 INFO [main] org.apache.catalina.startup.HostConfig.deployDirectory Deploying web application directory [/home/rushil/CDACPune_2024/Java/AdvancedJava/apache-tomcat-11.0.2/webapps/examples]
22-Dec-2024 18:09:09.995 INFO [main] org.apache.catalina.startup.HostConfig.deployDirectory Deployment of web application directory [/home/rushil/CDACPune_2024/Java/AdvancedJava/apache-tomcat-11.0.2/webapps/examples] has finished in [160] ms
22-Dec-2024 18:09:09.996 INFO [main] org.apache.catalina.startup.HostConfig.deployDirectory Deploying web application directory [/home/rushil/CDACPune_2024/Java/AdvancedJava/apache-tomcat-11.0.2/webapps/host-manager]
22-Dec-2024 18:09:10.021 INFO [main] org.apache.catalina.startup.HostConfig.deployDirectory Deployment of web application directory [/home/rushil/CDACPune_2024/Java/AdvancedJava/apache-tomcat-11.0.2/webapps/host-manager] has finished in [26] ms
22-Dec-2024 18:09:10.027 INFO [main] org.apache.coyote.AbstractProtocol.start Starting ProtocolHandler ["http-nio-8080"]
22-Dec-2024 18:09:10.043 INFO [main] org.apache.catalina.startup.Catalina.start Server startup in [1103] milliseconds
22-Dec-2024 18:40:05.288 INFO [Thread-1] org.apache.coyote.AbstractProtocol.pause Pausing ProtocolHandler ["http-nio-8080"]
22-Dec-2024 18:40:05.289 INFO [Thread-1] org.apache.catalina.core.StandardService.stopInternal Stopping service [Catalina]
22-Dec-2024 18:40:05.326 WARNING [Thread-1] org.apache.catalina.loader.WebappClassLoaderBase.clearReferencesJdbc The web application [OnlineShopping] registered the JDBC driver [org.mariadb.jdbc.Driver] but failed to unregister it when the web application was stopped. To prevent a memory leak, the JDBC Driver has been forcibly unregistered.
22-Dec-2024 18:40:05.337 INFO [Thread-1] org.apache.coyote.AbstractProtocol.stop Stopping ProtocolHandler ["http-nio-8080"]
22-Dec-2024 18:40:05.344 INFO [Thread-1] org.apache.coyote.AbstractProtocol.destroy Destroying ProtocolHandler ["http-nio-8080"]
22-Dec-2024 18:40:08.380 INFO [main] org.apache.catalina.startup.VersionLoggerListener.log Server version name:   Apache Tomcat/11.0.2
22-Dec-2024 18:40:08.388 INFO [main] org.apache.catalina.startup.VersionLoggerListener.log Server built:          Dec 5 2024 15:19:37 UTC
22-Dec-2024 18:40:08.393 INFO [main] org.apache.catalina.startup.VersionLoggerListener.log Server version number: 11.0.2.0
22-Dec-2024 18:40:08.393 INFO [main] org.apache.catalina.startup.VersionLoggerListener.log OS Name:               Linux
22-Dec-2024 18:40:08.394 INFO [main] org.apache.catalina.startup.VersionLoggerListener.log OS Version:            6.1.0-25-amd64
22-Dec-2024 18:40:08.394 INFO [main] org.apache.catalina.startup.VersionLoggerListener.log Architecture:          amd64
22-Dec-2024 18:40:08.394 INFO [main] org.apache.catalina.startup.VersionLoggerListener.log Java Home:             /home/rushil/.jdks/openjdk-20.0.2
22-Dec-2024 18:40:08.394 INFO [main] org.apache.catalina.startup.VersionLoggerListener.log JVM Version:           20.0.2+9-78
22-Dec-2024 18:40:08.395 INFO [main] org.apache.catalina.startup.VersionLoggerListener.log JVM Vendor:            Oracle Corporation
22-Dec-2024 18:40:08.395 INFO [main] org.apache.catalina.startup.VersionLoggerListener.log CATALINA_BASE:         /home/rushil/CDACPune_2024/Java/AdvancedJava/apache-tomcat-11.0.2
22-Dec-2024 18:40:08.397 INFO [main] org.apache.catalina.startup.VersionLoggerListener.log CATALINA_HOME:         /home/rushil/CDACPune_2024/Java/AdvancedJava/apache-tomcat-11.0.2
22-Dec-2024 18:40:08.410 INFO [main] org.apache.catalina.startup.VersionLoggerListener.log Command line argument: --add-opens=java.base/java.lang=ALL-UNNAMED
22-Dec-2024 18:40:08.410 INFO [main] org.apache.catalina.startup.VersionLoggerListener.log Command line argument: --add-opens=java.base/java.io=ALL-UNNAMED
22-Dec-2024 18:40:08.410 INFO [main] org.apache.catalina.startup.VersionLoggerListener.log Command line argument: --add-opens=java.base/java.util=ALL-UNNAMED
22-Dec-2024 18:40:08.411 INFO [main] org.apache.catalina.startup.VersionLoggerListener.log Command line argument: --add-opens=java.base/java.util.concurrent=ALL-UNNAMED
22-Dec-2024 18:40:08.411 INFO [main] org.apache.catalina.startup.VersionLoggerListener.log Command line argument: --add-opens=java.rmi/sun.rmi.transport=ALL-UNNAMED
22-Dec-2024 18:40:08.413 INFO [main] org.apache.catalina.startup.VersionLoggerListener.log Command line argument: -Dcatalina.home=/home/rushil/CDACPune_2024/Java/AdvancedJava/apache-tomcat-11.0.2
22-Dec-2024 18:40:08.413 INFO [main] org.apache.catalina.startup.VersionLoggerListener.log Command line argument: -Dcatalina.base=/home/rushil/CDACPune_2024/Java/AdvancedJava/apache-tomcat-11.0.2
22-Dec-2024 18:40:08.414 INFO [main] org.apache.catalina.startup.VersionLoggerListener.log Command line argument: -Djava.io.tmpdir=/home/rushil/CDACPune_2024/Java/AdvancedJava/apache-tomcat-11.0.2/temp
22-Dec-2024 18:40:08.414 INFO [main] org.apache.catalina.startup.VersionLoggerListener.log Command line argument: -Djava.util.logging.config.file=/home/rushil/CDACPune_2024/Java/AdvancedJava/apache-tomcat-11.0.2/conf/logging.properties
22-Dec-2024 18:40:08.414 INFO [main] org.apache.catalina.startup.VersionLoggerListener.log Command line argument: -Djava.util.logging.manager=org.apache.juli.ClassLoaderLogManager
22-Dec-2024 18:40:08.414 INFO [main] org.apache.catalina.startup.VersionLoggerListener.log Command line argument: -javaagent:/opt/idea-IU-243.22562.145/lib/idea_rt.jar=43993:/opt/idea-IU-243.22562.145/bin
22-Dec-2024 18:40:08.414 INFO [main] org.apache.catalina.startup.VersionLoggerListener.log Command line argument: -Dfile.encoding=UTF-8
22-Dec-2024 18:40:08.414 INFO [main] org.apache.catalina.startup.VersionLoggerListener.log Command line argument: -Dsun.stdout.encoding=UTF-8
22-Dec-2024 18:40:08.414 INFO [main] org.apache.catalina.startup.VersionLoggerListener.log Command line argument: -Dsun.stderr.encoding=UTF-8
22-Dec-2024 18:40:08.417 INFO [main] org.apache.catalina.core.AprLifecycleListener.lifecycleEvent The Apache Tomcat Native library which allows using OpenSSL was not found on the java.library.path: [/usr/java/packages/lib:/usr/lib64:/lib64:/lib:/usr/lib]
22-Dec-2024 18:40:09.069 INFO [main] org.apache.coyote.AbstractProtocol.init Initializing ProtocolHandler ["http-nio-8080"]
22-Dec-2024 18:40:09.100 INFO [main] org.apache.catalina.startup.Catalina.load Server initialization in [986] milliseconds
22-Dec-2024 18:40:09.160 INFO [main] org.apache.catalina.core.StandardService.startInternal Starting service [Catalina]
22-Dec-2024 18:40:09.160 INFO [main] org.apache.catalina.core.StandardEngine.startInternal Starting Servlet engine: [Apache Tomcat/11.0.2]
22-Dec-2024 18:40:09.173 INFO [main] org.apache.catalina.startup.HostConfig.deployDescriptor Deploying deployment descriptor [/home/rushil/CDACPune_2024/Java/AdvancedJava/apache-tomcat-11.0.2/conf/Catalina/localhost/OnlineShopping.xml]
22-Dec-2024 18:40:10.126 INFO [main] org.apache.jasper.servlet.TldScanner.scanJars At least one JAR was scanned for TLDs yet contained no TLDs. Enable debug logging for this logger for a complete list of JARs that were scanned but no TLDs were found in them. Skipping unneeded JARs during scanning can improve startup time and JSP compilation time.
22-Dec-2024 18:40:10.172 INFO [main] org.apache.catalina.startup.HostConfig.deployDescriptor Deployment of deployment descriptor [/home/rushil/CDACPune_2024/Java/AdvancedJava/apache-tomcat-11.0.2/conf/Catalina/localhost/OnlineShopping.xml] has finished in [998] ms
22-Dec-2024 18:40:10.172 INFO [main] org.apache.catalina.startup.HostConfig.deployDescriptor Deploying deployment descriptor [/home/rushil/CDACPune_2024/Java/AdvancedJava/apache-tomcat-11.0.2/conf/Catalina/localhost/q1.xml]
22-Dec-2024 18:40:10.200 INFO [main] org.apache.catalina.startup.HostConfig.deployDescriptor Deployment of deployment descriptor [/home/rushil/CDACPune_2024/Java/AdvancedJava/apache-tomcat-11.0.2/conf/Catalina/localhost/q1.xml] has finished in [28] ms
22-Dec-2024 18:40:10.201 INFO [main] org.apache.catalina.startup.HostConfig.deployDirectory Deploying web application directory [/home/rushil/CDACPune_2024/Java/AdvancedJava/apache-tomcat-11.0.2/webapps/manager]
22-Dec-2024 18:40:10.237 INFO [main] org.apache.catalina.startup.HostConfig.deployDirectory Deployment of web application directory [/home/rushil/CDACPune_2024/Java/AdvancedJava/apache-tomcat-11.0.2/webapps/manager] has finished in [36] ms
22-Dec-2024 18:40:10.237 INFO [main] org.apache.catalina.startup.HostConfig.deployDirectory Deploying web application directory [/home/rushil/CDACPune_2024/Java/AdvancedJava/apache-tomcat-11.0.2/webapps/docs]
22-Dec-2024 18:40:10.253 INFO [main] org.apache.catalina.startup.HostConfig.deployDirectory Deployment of web application directory [/home/rushil/CDACPune_2024/Java/AdvancedJava/apache-tomcat-11.0.2/webapps/docs] has finished in [16] ms
22-Dec-2024 18:40:10.254 INFO [main] org.apache.catalina.startup.HostConfig.deployDirectory Deploying web application directory [/home/rushil/CDACPune_2024/Java/AdvancedJava/apache-tomcat-11.0.2/webapps/ROOT]
22-Dec-2024 18:40:10.270 INFO [main] org.apache.catalina.startup.HostConfig.deployDirectory Deployment of web application directory [/home/rushil/CDACPune_2024/Java/AdvancedJava/apache-tomcat-11.0.2/webapps/ROOT] has finished in [16] ms
22-Dec-2024 18:40:10.271 INFO [main] org.apache.catalina.startup.HostConfig.deployDirectory Deploying web application directory [/home/rushil/CDACPune_2024/Java/AdvancedJava/apache-tomcat-11.0.2/webapps/examples]
22-Dec-2024 18:40:10.495 INFO [main] org.apache.catalina.startup.HostConfig.deployDirectory Deployment of web application directory [/home/rushil/CDACPune_2024/Java/AdvancedJava/apache-tomcat-11.0.2/webapps/examples] has finished in [224] ms
22-Dec-2024 18:40:10.496 INFO [main] org.apache.catalina.startup.HostConfig.deployDirectory Deploying web application directory [/home/rushil/CDACPune_2024/Java/AdvancedJava/apache-tomcat-11.0.2/webapps/host-manager]
22-Dec-2024 18:40:10.514 INFO [main] org.apache.catalina.startup.HostConfig.deployDirectory Deployment of web application directory [/home/rushil/CDACPune_2024/Java/AdvancedJava/apache-tomcat-11.0.2/webapps/host-manager] has finished in [19] ms
22-Dec-2024 18:40:10.518 INFO [main] org.apache.coyote.AbstractProtocol.start Starting ProtocolHandler ["http-nio-8080"]
22-Dec-2024 18:40:10.530 INFO [main] org.apache.catalina.startup.Catalina.start Server startup in [1428] milliseconds
22-Dec-2024 18:40:47.894 INFO [Thread-1] org.apache.coyote.AbstractProtocol.pause Pausing ProtocolHandler ["http-nio-8080"]
22-Dec-2024 18:40:47.895 INFO [Thread-1] org.apache.catalina.core.StandardService.stopInternal Stopping service [Catalina]
22-Dec-2024 18:40:47.930 WARNING [Thread-1] org.apache.catalina.loader.WebappClassLoaderBase.clearReferencesJdbc The web application [OnlineShopping] registered the JDBC driver [org.mariadb.jdbc.Driver] but failed to unregister it when the web application was stopped. To prevent a memory leak, the JDBC Driver has been forcibly unregistered.
22-Dec-2024 18:40:47.941 INFO [Thread-1] org.apache.coyote.AbstractProtocol.stop Stopping ProtocolHandler ["http-nio-8080"]
22-Dec-2024 18:40:47.949 INFO [Thread-1] org.apache.coyote.AbstractProtocol.destroy Destroying ProtocolHandler ["http-nio-8080"]
22-Dec-2024 18:40:50.478 INFO [main] org.apache.catalina.startup.VersionLoggerListener.log Server version name:   Apache Tomcat/11.0.2
22-Dec-2024 18:40:50.482 INFO [main] org.apache.catalina.startup.VersionLoggerListener.log Server built:          Dec 5 2024 15:19:37 UTC
22-Dec-2024 18:40:50.482 INFO [main] org.apache.catalina.startup.VersionLoggerListener.log Server version number: 11.0.2.0
22-Dec-2024 18:40:50.483 INFO [main] org.apache.catalina.startup.VersionLoggerListener.log OS Name:               Linux
22-Dec-2024 18:40:50.483 INFO [main] org.apache.catalina.startup.VersionLoggerListener.log OS Version:            6.1.0-25-amd64
22-Dec-2024 18:40:50.483 INFO [main] org.apache.catalina.startup.VersionLoggerListener.log Architecture:          amd64
22-Dec-2024 18:40:50.483 INFO [main] org.apache.catalina.startup.VersionLoggerListener.log Java Home:             /home/rushil/.jdks/openjdk-20.0.2
22-Dec-2024 18:40:50.483 INFO [main] org.apache.catalina.startup.VersionLoggerListener.log JVM Version:           20.0.2+9-78
22-Dec-2024 18:40:50.483 INFO [main] org.apache.catalina.startup.VersionLoggerListener.log JVM Vendor:            Oracle Corporation
22-Dec-2024 18:40:50.483 INFO [main] org.apache.catalina.startup.VersionLoggerListener.log CATALINA_BASE:         /home/rushil/CDACPune_2024/Java/AdvancedJava/apache-tomcat-11.0.2
22-Dec-2024 18:40:50.483 INFO [main] org.apache.catalina.startup.VersionLoggerListener.log CATALINA_HOME:         /home/rushil/CDACPune_2024/Java/AdvancedJava/apache-tomcat-11.0.2
22-Dec-2024 18:40:50.492 INFO [main] org.apache.catalina.startup.VersionLoggerListener.log Command line argument: --add-opens=java.base/java.lang=ALL-UNNAMED
22-Dec-2024 18:40:50.492 INFO [main] org.apache.catalina.startup.VersionLoggerListener.log Command line argument: --add-opens=java.base/java.io=ALL-UNNAMED
22-Dec-2024 18:40:50.492 INFO [main] org.apache.catalina.startup.VersionLoggerListener.log Command line argument: --add-opens=java.base/java.util=ALL-UNNAMED
22-Dec-2024 18:40:50.492 INFO [main] org.apache.catalina.startup.VersionLoggerListener.log Command line argument: --add-opens=java.base/java.util.concurrent=ALL-UNNAMED
22-Dec-2024 18:40:50.492 INFO [main] org.apache.catalina.startup.VersionLoggerListener.log Command line argument: --add-opens=java.rmi/sun.rmi.transport=ALL-UNNAMED
22-Dec-2024 18:40:50.492 INFO [main] org.apache.catalina.startup.VersionLoggerListener.log Command line argument: -Dcatalina.home=/home/rushil/CDACPune_2024/Java/AdvancedJava/apache-tomcat-11.0.2
22-Dec-2024 18:40:50.492 INFO [main] org.apache.catalina.startup.VersionLoggerListener.log Command line argument: -Dcatalina.base=/home/rushil/CDACPune_2024/Java/AdvancedJava/apache-tomcat-11.0.2
22-Dec-2024 18:40:50.493 INFO [main] org.apache.catalina.startup.VersionLoggerListener.log Command line argument: -Djava.io.tmpdir=/home/rushil/CDACPune_2024/Java/AdvancedJava/apache-tomcat-11.0.2/temp
22-Dec-2024 18:40:50.493 INFO [main] org.apache.catalina.startup.VersionLoggerListener.log Command line argument: -Djava.util.logging.config.file=/home/rushil/CDACPune_2024/Java/AdvancedJava/apache-tomcat-11.0.2/conf/logging.properties
22-Dec-2024 18:40:50.493 INFO [main] org.apache.catalina.startup.VersionLoggerListener.log Command line argument: -Djava.util.logging.manager=org.apache.juli.ClassLoaderLogManager
22-Dec-2024 18:40:50.493 INFO [main] org.apache.catalina.startup.VersionLoggerListener.log Command line argument: -javaagent:/opt/idea-IU-243.22562.145/lib/idea_rt.jar=34739:/opt/idea-IU-243.22562.145/bin
22-Dec-2024 18:40:50.493 INFO [main] org.apache.catalina.startup.VersionLoggerListener.log Command line argument: -Dfile.encoding=UTF-8
22-Dec-2024 18:40:50.493 INFO [main] org.apache.catalina.startup.VersionLoggerListener.log Command line argument: -Dsun.stdout.encoding=UTF-8
22-Dec-2024 18:40:50.493 INFO [main] org.apache.catalina.startup.VersionLoggerListener.log Command line argument: -Dsun.stderr.encoding=UTF-8
22-Dec-2024 18:40:50.495 INFO [main] org.apache.catalina.core.AprLifecycleListener.lifecycleEvent The Apache Tomcat Native library which allows using OpenSSL was not found on the java.library.path: [/usr/java/packages/lib:/usr/lib64:/lib64:/lib:/usr/lib]
22-Dec-2024 18:40:50.944 INFO [main] org.apache.coyote.AbstractProtocol.init Initializing ProtocolHandler ["http-nio-8080"]
22-Dec-2024 18:40:50.964 INFO [main] org.apache.catalina.startup.Catalina.load Server initialization in [691] milliseconds
22-Dec-2024 18:40:51.014 INFO [main] org.apache.catalina.core.StandardService.startInternal Starting service [Catalina]
22-Dec-2024 18:40:51.015 INFO [main] org.apache.catalina.core.StandardEngine.startInternal Starting Servlet engine: [Apache Tomcat/11.0.2]
22-Dec-2024 18:40:51.025 INFO [main] org.apache.catalina.startup.HostConfig.deployDescriptor Deploying deployment descriptor [/home/rushil/CDACPune_2024/Java/AdvancedJava/apache-tomcat-11.0.2/conf/Catalina/localhost/OnlineShopping.xml]
22-Dec-2024 18:40:51.753 INFO [main] org.apache.jasper.servlet.TldScanner.scanJars At least one JAR was scanned for TLDs yet contained no TLDs. Enable debug logging for this logger for a complete list of JARs that were scanned but no TLDs were found in them. Skipping unneeded JARs during scanning can improve startup time and JSP compilation time.
22-Dec-2024 18:40:51.784 INFO [main] org.apache.catalina.startup.HostConfig.deployDescriptor Deployment of deployment descriptor [/home/rushil/CDACPune_2024/Java/AdvancedJava/apache-tomcat-11.0.2/conf/Catalina/localhost/OnlineShopping.xml] has finished in [760] ms
22-Dec-2024 18:40:51.784 INFO [main] org.apache.catalina.startup.HostConfig.deployDescriptor Deploying deployment descriptor [/home/rushil/CDACPune_2024/Java/AdvancedJava/apache-tomcat-11.0.2/conf/Catalina/localhost/q1.xml]
22-Dec-2024 18:40:51.805 INFO [main] org.apache.catalina.startup.HostConfig.deployDescriptor Deployment of deployment descriptor [/home/rushil/CDACPune_2024/Java/AdvancedJava/apache-tomcat-11.0.2/conf/Catalina/localhost/q1.xml] has finished in [20] ms
22-Dec-2024 18:40:51.805 INFO [main] org.apache.catalina.startup.HostConfig.deployDirectory Deploying web application directory [/home/rushil/CDACPune_2024/Java/AdvancedJava/apache-tomcat-11.0.2/webapps/manager]
22-Dec-2024 18:40:51.837 INFO [main] org.apache.catalina.startup.HostConfig.deployDirectory Deployment of web application directory [/home/rushil/CDACPune_2024/Java/AdvancedJava/apache-tomcat-11.0.2/webapps/manager] has finished in [32] ms
22-Dec-2024 18:40:51.837 INFO [main] org.apache.catalina.startup.HostConfig.deployDirectory Deploying web application directory [/home/rushil/CDACPune_2024/Java/AdvancedJava/apache-tomcat-11.0.2/webapps/docs]
22-Dec-2024 18:40:51.853 INFO [main] org.apache.catalina.startup.HostConfig.deployDirectory Deployment of web application directory [/home/rushil/CDACPune_2024/Java/AdvancedJava/apache-tomcat-11.0.2/webapps/docs] has finished in [15] ms
22-Dec-2024 18:40:51.853 INFO [main] org.apache.catalina.startup.HostConfig.deployDirectory Deploying web application directory [/home/rushil/CDACPune_2024/Java/AdvancedJava/apache-tomcat-11.0.2/webapps/ROOT]
22-Dec-2024 18:40:51.866 INFO [main] org.apache.catalina.startup.HostConfig.deployDirectory Deployment of web application directory [/home/rushil/CDACPune_2024/Java/AdvancedJava/apache-tomcat-11.0.2/webapps/ROOT] has finished in [12] ms
22-Dec-2024 18:40:51.866 INFO [main] org.apache.catalina.startup.HostConfig.deployDirectory Deploying web application directory [/home/rushil/CDACPune_2024/Java/AdvancedJava/apache-tomcat-11.0.2/webapps/examples]
22-Dec-2024 18:40:52.050 INFO [main] org.apache.catalina.startup.HostConfig.deployDirectory Deployment of web application directory [/home/rushil/CDACPune_2024/Java/AdvancedJava/apache-tomcat-11.0.2/webapps/examples] has finished in [184] ms
22-Dec-2024 18:40:52.050 INFO [main] org.apache.catalina.startup.HostConfig.deployDirectory Deploying web application directory [/home/rushil/CDACPune_2024/Java/AdvancedJava/apache-tomcat-11.0.2/webapps/host-manager]
22-Dec-2024 18:40:52.073 INFO [main] org.apache.catalina.startup.HostConfig.deployDirectory Deployment of web application directory [/home/rushil/CDACPune_2024/Java/AdvancedJava/apache-tomcat-11.0.2/webapps/host-manager] has finished in [23] ms
22-Dec-2024 18:40:52.079 INFO [main] org.apache.coyote.AbstractProtocol.start Starting ProtocolHandler ["http-nio-8080"]
22-Dec-2024 18:40:52.089 INFO [main] org.apache.catalina.startup.Catalina.start Server startup in [1123] milliseconds
22-Dec-2024 18:44:09.367 INFO [Thread-1] org.apache.coyote.AbstractProtocol.pause Pausing ProtocolHandler ["http-nio-8080"]
22-Dec-2024 18:44:09.368 INFO [Thread-1] org.apache.catalina.core.StandardService.stopInternal Stopping service [Catalina]
22-Dec-2024 18:44:09.389 WARNING [Thread-1] org.apache.catalina.loader.WebappClassLoaderBase.clearReferencesJdbc The web application [OnlineShopping] registered the JDBC driver [org.mariadb.jdbc.Driver] but failed to unregister it when the web application was stopped. To prevent a memory leak, the JDBC Driver has been forcibly unregistered.
22-Dec-2024 18:44:09.398 INFO [Thread-1] org.apache.coyote.AbstractProtocol.stop Stopping ProtocolHandler ["http-nio-8080"]
22-Dec-2024 18:44:09.402 INFO [Thread-1] org.apache.coyote.AbstractProtocol.destroy Destroying ProtocolHandler ["http-nio-8080"]
22-Dec-2024 18:44:10.617 INFO [main] org.apache.catalina.startup.VersionLoggerListener.log Server version name:   Apache Tomcat/11.0.2
22-Dec-2024 18:44:10.621 INFO [main] org.apache.catalina.startup.VersionLoggerListener.log Server built:          Dec 5 2024 15:19:37 UTC
22-Dec-2024 18:44:10.622 INFO [main] org.apache.catalina.startup.VersionLoggerListener.log Server version number: 11.0.2.0
22-Dec-2024 18:44:10.622 INFO [main] org.apache.catalina.startup.VersionLoggerListener.log OS Name:               Linux
22-Dec-2024 18:44:10.622 INFO [main] org.apache.catalina.startup.VersionLoggerListener.log OS Version:            6.1.0-25-amd64
22-Dec-2024 18:44:10.622 INFO [main] org.apache.catalina.startup.VersionLoggerListener.log Architecture:          amd64
22-Dec-2024 18:44:10.622 INFO [main] org.apache.catalina.startup.VersionLoggerListener.log Java Home:             /home/rushil/.jdks/openjdk-20.0.2
22-Dec-2024 18:44:10.622 INFO [main] org.apache.catalina.startup.VersionLoggerListener.log JVM Version:           20.0.2+9-78
22-Dec-2024 18:44:10.623 INFO [main] org.apache.catalina.startup.VersionLoggerListener.log JVM Vendor:            Oracle Corporation
22-Dec-2024 18:44:10.623 INFO [main] org.apache.catalina.startup.VersionLoggerListener.log CATALINA_BASE:         /home/rushil/CDACPune_2024/Java/AdvancedJava/apache-tomcat-11.0.2
22-Dec-2024 18:44:10.623 INFO [main] org.apache.catalina.startup.VersionLoggerListener.log CATALINA_HOME:         /home/rushil/CDACPune_2024/Java/AdvancedJava/apache-tomcat-11.0.2
22-Dec-2024 18:44:10.632 INFO [main] org.apache.catalina.startup.VersionLoggerListener.log Command line argument: --add-opens=java.base/java.lang=ALL-UNNAMED
22-Dec-2024 18:44:10.632 INFO [main] org.apache.catalina.startup.VersionLoggerListener.log Command line argument: --add-opens=java.base/java.io=ALL-UNNAMED
22-Dec-2024 18:44:10.632 INFO [main] org.apache.catalina.startup.VersionLoggerListener.log Command line argument: --add-opens=java.base/java.util=ALL-UNNAMED
22-Dec-2024 18:44:10.632 INFO [main] org.apache.catalina.startup.VersionLoggerListener.log Command line argument: --add-opens=java.base/java.util.concurrent=ALL-UNNAMED
22-Dec-2024 18:44:10.632 INFO [main] org.apache.catalina.startup.VersionLoggerListener.log Command line argument: --add-opens=java.rmi/sun.rmi.transport=ALL-UNNAMED
22-Dec-2024 18:44:10.633 INFO [main] org.apache.catalina.startup.VersionLoggerListener.log Command line argument: -Dcatalina.home=/home/rushil/CDACPune_2024/Java/AdvancedJava/apache-tomcat-11.0.2
22-Dec-2024 18:44:10.633 INFO [main] org.apache.catalina.startup.VersionLoggerListener.log Command line argument: -Dcatalina.base=/home/rushil/CDACPune_2024/Java/AdvancedJava/apache-tomcat-11.0.2
22-Dec-2024 18:44:10.633 INFO [main] org.apache.catalina.startup.VersionLoggerListener.log Command line argument: -Djava.io.tmpdir=/home/rushil/CDACPune_2024/Java/AdvancedJava/apache-tomcat-11.0.2/temp
22-Dec-2024 18:44:10.633 INFO [main] org.apache.catalina.startup.VersionLoggerListener.log Command line argument: -Djava.util.logging.config.file=/home/rushil/CDACPune_2024/Java/AdvancedJava/apache-tomcat-11.0.2/conf/logging.properties
22-Dec-2024 18:44:10.633 INFO [main] org.apache.catalina.startup.VersionLoggerListener.log Command line argument: -Djava.util.logging.manager=org.apache.juli.ClassLoaderLogManager
22-Dec-2024 18:44:10.633 INFO [main] org.apache.catalina.startup.VersionLoggerListener.log Command line argument: -javaagent:/opt/idea-IU-243.22562.145/lib/idea_rt.jar=45417:/opt/idea-IU-243.22562.145/bin
22-Dec-2024 18:44:10.633 INFO [main] org.apache.catalina.startup.VersionLoggerListener.log Command line argument: -Dfile.encoding=UTF-8
22-Dec-2024 18:44:10.634 INFO [main] org.apache.catalina.startup.VersionLoggerListener.log Command line argument: -Dsun.stdout.encoding=UTF-8
22-Dec-2024 18:44:10.634 INFO [main] org.apache.catalina.startup.VersionLoggerListener.log Command line argument: -Dsun.stderr.encoding=UTF-8
22-Dec-2024 18:44:10.635 INFO [main] org.apache.catalina.core.AprLifecycleListener.lifecycleEvent The Apache Tomcat Native library which allows using OpenSSL was not found on the java.library.path: [/usr/java/packages/lib:/usr/lib64:/lib64:/lib:/usr/lib]
22-Dec-2024 18:44:11.119 INFO [main] org.apache.coyote.AbstractProtocol.init Initializing ProtocolHandler ["http-nio-8080"]
22-Dec-2024 18:44:11.142 INFO [main] org.apache.catalina.startup.Catalina.load Server initialization in [736] milliseconds
22-Dec-2024 18:44:11.194 INFO [main] org.apache.catalina.core.StandardService.startInternal Starting service [Catalina]
22-Dec-2024 18:44:11.194 INFO [main] org.apache.catalina.core.StandardEngine.startInternal Starting Servlet engine: [Apache Tomcat/11.0.2]
22-Dec-2024 18:44:11.203 INFO [main] org.apache.catalina.startup.HostConfig.deployDescriptor Deploying deployment descriptor [/home/rushil/CDACPune_2024/Java/AdvancedJava/apache-tomcat-11.0.2/conf/Catalina/localhost/OnlineShopping.xml]
22-Dec-2024 18:44:11.955 INFO [main] org.apache.jasper.servlet.TldScanner.scanJars At least one JAR was scanned for TLDs yet contained no TLDs. Enable debug logging for this logger for a complete list of JARs that were scanned but no TLDs were found in them. Skipping unneeded JARs during scanning can improve startup time and JSP compilation time.
22-Dec-2024 18:44:11.982 INFO [main] org.apache.catalina.startup.HostConfig.deployDescriptor Deployment of deployment descriptor [/home/rushil/CDACPune_2024/Java/AdvancedJava/apache-tomcat-11.0.2/conf/Catalina/localhost/OnlineShopping.xml] has finished in [780] ms
22-Dec-2024 18:44:11.982 INFO [main] org.apache.catalina.startup.HostConfig.deployDescriptor Deploying deployment descriptor [/home/rushil/CDACPune_2024/Java/AdvancedJava/apache-tomcat-11.0.2/conf/Catalina/localhost/q1.xml]
22-Dec-2024 18:44:12.005 INFO [main] org.apache.catalina.startup.HostConfig.deployDescriptor Deployment of deployment descriptor [/home/rushil/CDACPune_2024/Java/AdvancedJava/apache-tomcat-11.0.2/conf/Catalina/localhost/q1.xml] has finished in [23] ms
22-Dec-2024 18:44:12.006 INFO [main] org.apache.catalina.startup.HostConfig.deployDirectory Deploying web application directory [/home/rushil/CDACPune_2024/Java/AdvancedJava/apache-tomcat-11.0.2/webapps/manager]
22-Dec-2024 18:44:12.046 INFO [main] org.apache.catalina.startup.HostConfig.deployDirectory Deployment of web application directory [/home/rushil/CDACPune_2024/Java/AdvancedJava/apache-tomcat-11.0.2/webapps/manager] has finished in [40] ms
22-Dec-2024 18:44:12.046 INFO [main] org.apache.catalina.startup.HostConfig.deployDirectory Deploying web application directory [/home/rushil/CDACPune_2024/Java/AdvancedJava/apache-tomcat-11.0.2/webapps/docs]
22-Dec-2024 18:44:12.067 INFO [main] org.apache.catalina.startup.HostConfig.deployDirectory Deployment of web application directory [/home/rushil/CDACPune_2024/Java/AdvancedJava/apache-tomcat-11.0.2/webapps/docs] has finished in [21] ms
22-Dec-2024 18:44:12.067 INFO [main] org.apache.catalina.startup.HostConfig.deployDirectory Deploying web application directory [/home/rushil/CDACPune_2024/Java/AdvancedJava/apache-tomcat-11.0.2/webapps/ROOT]
22-Dec-2024 18:44:12.083 INFO [main] org.apache.catalina.startup.HostConfig.deployDirectory Deployment of web application directory [/home/rushil/CDACPune_2024/Java/AdvancedJava/apache-tomcat-11.0.2/webapps/ROOT] has finished in [15] ms
22-Dec-2024 18:44:12.083 INFO [main] org.apache.catalina.startup.HostConfig.deployDirectory Deploying web application directory [/home/rushil/CDACPune_2024/Java/AdvancedJava/apache-tomcat-11.0.2/webapps/examples]
22-Dec-2024 18:44:12.293 INFO [main] org.apache.catalina.startup.HostConfig.deployDirectory Deployment of web application directory [/home/rushil/CDACPune_2024/Java/AdvancedJava/apache-tomcat-11.0.2/webapps/examples] has finished in [209] ms
22-Dec-2024 18:44:12.293 INFO [main] org.apache.catalina.startup.HostConfig.deployDirectory Deploying web application directory [/home/rushil/CDACPune_2024/Java/AdvancedJava/apache-tomcat-11.0.2/webapps/host-manager]
22-Dec-2024 18:44:12.308 INFO [main] org.apache.catalina.startup.HostConfig.deployDirectory Deployment of web application directory [/home/rushil/CDACPune_2024/Java/AdvancedJava/apache-tomcat-11.0.2/webapps/host-manager] has finished in [15] ms
22-Dec-2024 18:44:12.312 INFO [main] org.apache.coyote.AbstractProtocol.start Starting ProtocolHandler ["http-nio-8080"]
22-Dec-2024 18:44:12.321 INFO [main] org.apache.catalina.startup.Catalina.start Server startup in [1177] milliseconds
22-Dec-2024 18:44:50.342 INFO [Thread-1] org.apache.coyote.AbstractProtocol.pause Pausing ProtocolHandler ["http-nio-8080"]
22-Dec-2024 18:44:50.344 INFO [Thread-1] org.apache.catalina.core.StandardService.stopInternal Stopping service [Catalina]
22-Dec-2024 18:44:50.373 WARNING [Thread-1] org.apache.catalina.loader.WebappClassLoaderBase.clearReferencesJdbc The web application [OnlineShopping] registered the JDBC driver [org.mariadb.jdbc.Driver] but failed to unregister it when the web application was stopped. To prevent a memory leak, the JDBC Driver has been forcibly unregistered.
22-Dec-2024 18:44:50.384 INFO [Thread-1] org.apache.coyote.AbstractProtocol.stop Stopping ProtocolHandler ["http-nio-8080"]
22-Dec-2024 18:44:50.388 INFO [Thread-1] org.apache.coyote.AbstractProtocol.destroy Destroying ProtocolHandler ["http-nio-8080"]
22-Dec-2024 18:44:52.699 INFO [main] org.apache.catalina.startup.VersionLoggerListener.log Server version name:   Apache Tomcat/11.0.2
22-Dec-2024 18:44:52.705 INFO [main] org.apache.catalina.startup.VersionLoggerListener.log Server built:          Dec 5 2024 15:19:37 UTC
22-Dec-2024 18:44:52.705 INFO [main] org.apache.catalina.startup.VersionLoggerListener.log Server version number: 11.0.2.0
22-Dec-2024 18:44:52.705 INFO [main] org.apache.catalina.startup.VersionLoggerListener.log OS Name:               Linux
22-Dec-2024 18:44:52.706 INFO [main] org.apache.catalina.startup.VersionLoggerListener.log OS Version:            6.1.0-25-amd64
22-Dec-2024 18:44:52.706 INFO [main] org.apache.catalina.startup.VersionLoggerListener.log Architecture:          amd64
22-Dec-2024 18:44:52.706 INFO [main] org.apache.catalina.startup.VersionLoggerListener.log Java Home:             /home/rushil/.jdks/openjdk-20.0.2
22-Dec-2024 18:44:52.706 INFO [main] org.apache.catalina.startup.VersionLoggerListener.log JVM Version:           20.0.2+9-78
22-Dec-2024 18:44:52.706 INFO [main] org.apache.catalina.startup.VersionLoggerListener.log JVM Vendor:            Oracle Corporation
22-Dec-2024 18:44:52.706 INFO [main] org.apache.catalina.startup.VersionLoggerListener.log CATALINA_BASE:         /home/rushil/CDACPune_2024/Java/AdvancedJava/apache-tomcat-11.0.2
22-Dec-2024 18:44:52.706 INFO [main] org.apache.catalina.startup.VersionLoggerListener.log CATALINA_HOME:         /home/rushil/CDACPune_2024/Java/AdvancedJava/apache-tomcat-11.0.2
22-Dec-2024 18:44:52.724 INFO [main] org.apache.catalina.startup.VersionLoggerListener.log Command line argument: --add-opens=java.base/java.lang=ALL-UNNAMED
22-Dec-2024 18:44:52.724 INFO [main] org.apache.catalina.startup.VersionLoggerListener.log Command line argument: --add-opens=java.base/java.io=ALL-UNNAMED
22-Dec-2024 18:44:52.724 INFO [main] org.apache.catalina.startup.VersionLoggerListener.log Command line argument: --add-opens=java.base/java.util=ALL-UNNAMED
22-Dec-2024 18:44:52.724 INFO [main] org.apache.catalina.startup.VersionLoggerListener.log Command line argument: --add-opens=java.base/java.util.concurrent=ALL-UNNAMED
22-Dec-2024 18:44:52.724 INFO [main] org.apache.catalina.startup.VersionLoggerListener.log Command line argument: --add-opens=java.rmi/sun.rmi.transport=ALL-UNNAMED
22-Dec-2024 18:44:52.724 INFO [main] org.apache.catalina.startup.VersionLoggerListener.log Command line argument: -agentlib:jdwp=transport=dt_socket,address=127.0.0.1:56275,suspend=y,server=n
22-Dec-2024 18:44:52.724 INFO [main] org.apache.catalina.startup.VersionLoggerListener.log Command line argument: -Dcatalina.home=/home/rushil/CDACPune_2024/Java/AdvancedJava/apache-tomcat-11.0.2
22-Dec-2024 18:44:52.725 INFO [main] org.apache.catalina.startup.VersionLoggerListener.log Command line argument: -Dcatalina.base=/home/rushil/CDACPune_2024/Java/AdvancedJava/apache-tomcat-11.0.2
22-Dec-2024 18:44:52.725 INFO [main] org.apache.catalina.startup.VersionLoggerListener.log Command line argument: -Djava.io.tmpdir=/home/rushil/CDACPune_2024/Java/AdvancedJava/apache-tomcat-11.0.2/temp
22-Dec-2024 18:44:52.725 INFO [main] org.apache.catalina.startup.VersionLoggerListener.log Command line argument: -Djava.util.logging.config.file=/home/rushil/CDACPune_2024/Java/AdvancedJava/apache-tomcat-11.0.2/conf/logging.properties
22-Dec-2024 18:44:52.725 INFO [main] org.apache.catalina.startup.VersionLoggerListener.log Command line argument: -Djava.util.logging.manager=org.apache.juli.ClassLoaderLogManager
22-Dec-2024 18:44:52.725 INFO [main] org.apache.catalina.startup.VersionLoggerListener.log Command line argument: -javaagent:/opt/idea-IU-243.22562.145/plugins/java/lib/rt/debugger-agent.jar
22-Dec-2024 18:44:52.725 INFO [main] org.apache.catalina.startup.VersionLoggerListener.log Command line argument: -Dkotlinx.coroutines.debug.enable.creation.stack.trace=false
22-Dec-2024 18:44:52.725 INFO [main] org.apache.catalina.startup.VersionLoggerListener.log Command line argument: -Ddebugger.agent.enable.coroutines=true
22-Dec-2024 18:44:52.726 INFO [main] org.apache.catalina.startup.VersionLoggerListener.log Command line argument: -Dkotlinx.coroutines.debug.enable.flows.stack.trace=true
22-Dec-2024 18:44:52.726 INFO [main] org.apache.catalina.startup.VersionLoggerListener.log Command line argument: -Dkotlinx.coroutines.debug.enable.mutable.state.flows.stack.trace=true
22-Dec-2024 18:44:52.726 INFO [main] org.apache.catalina.startup.VersionLoggerListener.log Command line argument: -Dfile.encoding=UTF-8
22-Dec-2024 18:44:52.726 INFO [main] org.apache.catalina.startup.VersionLoggerListener.log Command line argument: -Dsun.stdout.encoding=UTF-8
22-Dec-2024 18:44:52.726 INFO [main] org.apache.catalina.startup.VersionLoggerListener.log Command line argument: -Dsun.stderr.encoding=UTF-8
22-Dec-2024 18:44:52.728 INFO [main] org.apache.catalina.core.AprLifecycleListener.lifecycleEvent The Apache Tomcat Native library which allows using OpenSSL was not found on the java.library.path: [/usr/java/packages/lib:/usr/lib64:/lib64:/lib:/usr/lib]
22-Dec-2024 18:44:53.166 INFO [main] org.apache.coyote.AbstractProtocol.init Initializing ProtocolHandler ["http-nio-8080"]
22-Dec-2024 18:44:53.199 INFO [main] org.apache.catalina.startup.Catalina.load Server initialization in [788] milliseconds
22-Dec-2024 18:44:53.256 INFO [main] org.apache.catalina.core.StandardService.startInternal Starting service [Catalina]
22-Dec-2024 18:44:53.256 INFO [main] org.apache.catalina.core.StandardEngine.startInternal Starting Servlet engine: [Apache Tomcat/11.0.2]
22-Dec-2024 18:44:53.269 INFO [main] org.apache.catalina.startup.HostConfig.deployDescriptor Deploying deployment descriptor [/home/rushil/CDACPune_2024/Java/AdvancedJava/apache-tomcat-11.0.2/conf/Catalina/localhost/OnlineShopping.xml]
22-Dec-2024 18:44:54.034 INFO [main] org.apache.jasper.servlet.TldScanner.scanJars At least one JAR was scanned for TLDs yet contained no TLDs. Enable debug logging for this logger for a complete list of JARs that were scanned but no TLDs were found in them. Skipping unneeded JARs during scanning can improve startup time and JSP compilation time.
22-Dec-2024 18:44:54.068 INFO [main] org.apache.catalina.startup.HostConfig.deployDescriptor Deployment of deployment descriptor [/home/rushil/CDACPune_2024/Java/AdvancedJava/apache-tomcat-11.0.2/conf/Catalina/localhost/OnlineShopping.xml] has finished in [798] ms
22-Dec-2024 18:44:54.068 INFO [main] org.apache.catalina.startup.HostConfig.deployDescriptor Deploying deployment descriptor [/home/rushil/CDACPune_2024/Java/AdvancedJava/apache-tomcat-11.0.2/conf/Catalina/localhost/q1.xml]
22-Dec-2024 18:44:54.091 INFO [main] org.apache.jasper.servlet.TldScanner.scanJars At least one JAR was scanned for TLDs yet contained no TLDs. Enable debug logging for this logger for a complete list of JARs that were scanned but no TLDs were found in them. Skipping unneeded JARs during scanning can improve startup time and JSP compilation time.
22-Dec-2024 18:44:54.093 INFO [main] org.apache.catalina.startup.HostConfig.deployDescriptor Deployment of deployment descriptor [/home/rushil/CDACPune_2024/Java/AdvancedJava/apache-tomcat-11.0.2/conf/Catalina/localhost/q1.xml] has finished in [24] ms
22-Dec-2024 18:44:54.093 INFO [main] org.apache.catalina.startup.HostConfig.deployDirectory Deploying web application directory [/home/rushil/CDACPune_2024/Java/AdvancedJava/apache-tomcat-11.0.2/webapps/manager]
22-Dec-2024 18:44:54.122 INFO [main] org.apache.jasper.servlet.TldScanner.scanJars At least one JAR was scanned for TLDs yet contained no TLDs. Enable debug logging for this logger for a complete list of JARs that were scanned but no TLDs were found in them. Skipping unneeded JARs during scanning can improve startup time and JSP compilation time.
22-Dec-2024 18:44:54.129 INFO [main] org.apache.catalina.startup.HostConfig.deployDirectory Deployment of web application directory [/home/rushil/CDACPune_2024/Java/AdvancedJava/apache-tomcat-11.0.2/webapps/manager] has finished in [36] ms
22-Dec-2024 18:44:54.129 INFO [main] org.apache.catalina.startup.HostConfig.deployDirectory Deploying web application directory [/home/rushil/CDACPune_2024/Java/AdvancedJava/apache-tomcat-11.0.2/webapps/docs]
22-Dec-2024 18:44:54.153 INFO [main] org.apache.jasper.servlet.TldScanner.scanJars At least one JAR was scanned for TLDs yet contained no TLDs. Enable debug logging for this logger for a complete list of JARs that were scanned but no TLDs were found in them. Skipping unneeded JARs during scanning can improve startup time and JSP compilation time.
22-Dec-2024 18:44:54.154 INFO [main] org.apache.catalina.startup.HostConfig.deployDirectory Deployment of web application directory [/home/rushil/CDACPune_2024/Java/AdvancedJava/apache-tomcat-11.0.2/webapps/docs] has finished in [25] ms
22-Dec-2024 18:44:54.155 INFO [main] org.apache.catalina.startup.HostConfig.deployDirectory Deploying web application directory [/home/rushil/CDACPune_2024/Java/AdvancedJava/apache-tomcat-11.0.2/webapps/ROOT]
22-Dec-2024 18:44:54.174 INFO [main] org.apache.jasper.servlet.TldScanner.scanJars At least one JAR was scanned for TLDs yet contained no TLDs. Enable debug logging for this logger for a complete list of JARs that were scanned but no TLDs were found in them. Skipping unneeded JARs during scanning can improve startup time and JSP compilation time.
22-Dec-2024 18:44:54.176 INFO [main] org.apache.catalina.startup.HostConfig.deployDirectory Deployment of web application directory [/home/rushil/CDACPune_2024/Java/AdvancedJava/apache-tomcat-11.0.2/webapps/ROOT] has finished in [21] ms
22-Dec-2024 18:44:54.176 INFO [main] org.apache.catalina.startup.HostConfig.deployDirectory Deploying web application directory [/home/rushil/CDACPune_2024/Java/AdvancedJava/apache-tomcat-11.0.2/webapps/examples]
22-Dec-2024 18:44:54.368 INFO [main] org.apache.jasper.servlet.TldScanner.scanJars At least one JAR was scanned for TLDs yet contained no TLDs. Enable debug logging for this logger for a complete list of JARs that were scanned but no TLDs were found in them. Skipping unneeded JARs during scanning can improve startup time and JSP compilation time.
22-Dec-2024 18:44:54.390 INFO [main] org.apache.catalina.startup.HostConfig.deployDirectory Deployment of web application directory [/home/rushil/CDACPune_2024/Java/AdvancedJava/apache-tomcat-11.0.2/webapps/examples] has finished in [214] ms
22-Dec-2024 18:44:54.391 INFO [main] org.apache.catalina.startup.HostConfig.deployDirectory Deploying web application directory [/home/rushil/CDACPune_2024/Java/AdvancedJava/apache-tomcat-11.0.2/webapps/host-manager]
22-Dec-2024 18:44:54.425 INFO [main] org.apache.jasper.servlet.TldScanner.scanJars At least one JAR was scanned for TLDs yet contained no TLDs. Enable debug logging for this logger for a complete list of JARs that were scanned but no TLDs were found in them. Skipping unneeded JARs during scanning can improve startup time and JSP compilation time.
22-Dec-2024 18:44:54.427 INFO [main] org.apache.catalina.startup.HostConfig.deployDirectory Deployment of web application directory [/home/rushil/CDACPune_2024/Java/AdvancedJava/apache-tomcat-11.0.2/webapps/host-manager] has finished in [36] ms
22-Dec-2024 18:44:54.432 INFO [main] org.apache.coyote.AbstractProtocol.start Starting ProtocolHandler ["http-nio-8080"]
22-Dec-2024 18:44:54.443 INFO [main] org.apache.catalina.startup.Catalina.start Server startup in [1242] milliseconds
22-Dec-2024 18:45:24.689 INFO [Thread-1] org.apache.coyote.AbstractProtocol.pause Pausing ProtocolHandler ["http-nio-8080"]
22-Dec-2024 18:45:24.691 INFO [Thread-1] org.apache.catalina.core.StandardService.stopInternal Stopping service [Catalina]
22-Dec-2024 18:45:24.729 WARNING [Thread-1] org.apache.catalina.loader.WebappClassLoaderBase.clearReferencesJdbc The web application [OnlineShopping] registered the JDBC driver [org.mariadb.jdbc.Driver] but failed to unregister it when the web application was stopped. To prevent a memory leak, the JDBC Driver has been forcibly unregistered.
22-Dec-2024 18:45:24.740 INFO [Thread-1] org.apache.coyote.AbstractProtocol.stop Stopping ProtocolHandler ["http-nio-8080"]
22-Dec-2024 18:45:24.746 INFO [Thread-1] org.apache.coyote.AbstractProtocol.destroy Destroying ProtocolHandler ["http-nio-8080"]
22-Dec-2024 18:45:35.449 INFO [main] org.apache.catalina.startup.VersionLoggerListener.log Server version name:   Apache Tomcat/11.0.2
22-Dec-2024 18:45:35.462 INFO [main] org.apache.catalina.startup.VersionLoggerListener.log Server built:          Dec 5 2024 15:19:37 UTC
22-Dec-2024 18:45:35.463 INFO [main] org.apache.catalina.startup.VersionLoggerListener.log Server version number: 11.0.2.0
22-Dec-2024 18:45:35.464 INFO [main] org.apache.catalina.startup.VersionLoggerListener.log OS Name:               Linux
22-Dec-2024 18:45:35.464 INFO [main] org.apache.catalina.startup.VersionLoggerListener.log OS Version:            6.1.0-25-amd64
22-Dec-2024 18:45:35.464 INFO [main] org.apache.catalina.startup.VersionLoggerListener.log Architecture:          amd64
22-Dec-2024 18:45:35.464 INFO [main] org.apache.catalina.startup.VersionLoggerListener.log Java Home:             /home/rushil/.jdks/openjdk-20.0.2
22-Dec-2024 18:45:35.465 INFO [main] org.apache.catalina.startup.VersionLoggerListener.log JVM Version:           20.0.2+9-78
22-Dec-2024 18:45:35.465 INFO [main] org.apache.catalina.startup.VersionLoggerListener.log JVM Vendor:            Oracle Corporation
22-Dec-2024 18:45:35.465 INFO [main] org.apache.catalina.startup.VersionLoggerListener.log CATALINA_BASE:         /home/rushil/CDACPune_2024/Java/AdvancedJava/apache-tomcat-11.0.2
22-Dec-2024 18:45:35.465 INFO [main] org.apache.catalina.startup.VersionLoggerListener.log CATALINA_HOME:         /home/rushil/CDACPune_2024/Java/AdvancedJava/apache-tomcat-11.0.2
22-Dec-2024 18:45:35.486 INFO [main] org.apache.catalina.startup.VersionLoggerListener.log Command line argument: --add-opens=java.base/java.lang=ALL-UNNAMED
22-Dec-2024 18:45:35.487 INFO [main] org.apache.catalina.startup.VersionLoggerListener.log Command line argument: --add-opens=java.base/java.io=ALL-UNNAMED
22-Dec-2024 18:45:35.487 INFO [main] org.apache.catalina.startup.VersionLoggerListener.log Command line argument: --add-opens=java.base/java.util=ALL-UNNAMED
22-Dec-2024 18:45:35.487 INFO [main] org.apache.catalina.startup.VersionLoggerListener.log Command line argument: --add-opens=java.base/java.util.concurrent=ALL-UNNAMED
22-Dec-2024 18:45:35.488 INFO [main] org.apache.catalina.startup.VersionLoggerListener.log Command line argument: --add-opens=java.rmi/sun.rmi.transport=ALL-UNNAMED
22-Dec-2024 18:45:35.488 INFO [main] org.apache.catalina.startup.VersionLoggerListener.log Command line argument: -Dcatalina.home=/home/rushil/CDACPune_2024/Java/AdvancedJava/apache-tomcat-11.0.2
22-Dec-2024 18:45:35.488 INFO [main] org.apache.catalina.startup.VersionLoggerListener.log Command line argument: -Dcatalina.base=/home/rushil/CDACPune_2024/Java/AdvancedJava/apache-tomcat-11.0.2
22-Dec-2024 18:45:35.488 INFO [main] org.apache.catalina.startup.VersionLoggerListener.log Command line argument: -Djava.io.tmpdir=/home/rushil/CDACPune_2024/Java/AdvancedJava/apache-tomcat-11.0.2/temp
22-Dec-2024 18:45:35.489 INFO [main] org.apache.catalina.startup.VersionLoggerListener.log Command line argument: -Djava.util.logging.config.file=/home/rushil/CDACPune_2024/Java/AdvancedJava/apache-tomcat-11.0.2/conf/logging.properties
22-Dec-2024 18:45:35.489 INFO [main] org.apache.catalina.startup.VersionLoggerListener.log Command line argument: -Djava.util.logging.manager=org.apache.juli.ClassLoaderLogManager
22-Dec-2024 18:45:35.489 INFO [main] org.apache.catalina.startup.VersionLoggerListener.log Command line argument: -javaagent:/opt/idea-IU-243.22562.145/lib/idea_rt.jar=46131:/opt/idea-IU-243.22562.145/bin
22-Dec-2024 18:45:35.489 INFO [main] org.apache.catalina.startup.VersionLoggerListener.log Command line argument: -Dfile.encoding=UTF-8
22-Dec-2024 18:45:35.489 INFO [main] org.apache.catalina.startup.VersionLoggerListener.log Command line argument: -Dsun.stdout.encoding=UTF-8
22-Dec-2024 18:45:35.490 INFO [main] org.apache.catalina.startup.VersionLoggerListener.log Command line argument: -Dsun.stderr.encoding=UTF-8
22-Dec-2024 18:45:35.493 INFO [main] org.apache.catalina.core.AprLifecycleListener.lifecycleEvent The Apache Tomcat Native library which allows using OpenSSL was not found on the java.library.path: [/usr/java/packages/lib:/usr/lib64:/lib64:/lib:/usr/lib]
22-Dec-2024 18:45:36.046 INFO [main] org.apache.coyote.AbstractProtocol.init Initializing ProtocolHandler ["http-nio-8080"]
22-Dec-2024 18:45:36.080 INFO [main] org.apache.catalina.startup.Catalina.load Server initialization in [926] milliseconds
22-Dec-2024 18:45:36.155 INFO [main] org.apache.catalina.core.StandardService.startInternal Starting service [Catalina]
22-Dec-2024 18:45:36.155 INFO [main] org.apache.catalina.core.StandardEngine.startInternal Starting Servlet engine: [Apache Tomcat/11.0.2]
22-Dec-2024 18:45:36.172 INFO [main] org.apache.catalina.startup.HostConfig.deployDescriptor Deploying deployment descriptor [/home/rushil/CDACPune_2024/Java/AdvancedJava/apache-tomcat-11.0.2/conf/Catalina/localhost/OnlineShopping.xml]
22-Dec-2024 18:45:37.279 INFO [main] org.apache.jasper.servlet.TldScanner.scanJars At least one JAR was scanned for TLDs yet contained no TLDs. Enable debug logging for this logger for a complete list of JARs that were scanned but no TLDs were found in them. Skipping unneeded JARs during scanning can improve startup time and JSP compilation time.
22-Dec-2024 18:45:37.312 INFO [main] org.apache.catalina.startup.HostConfig.deployDescriptor Deployment of deployment descriptor [/home/rushil/CDACPune_2024/Java/AdvancedJava/apache-tomcat-11.0.2/conf/Catalina/localhost/OnlineShopping.xml] has finished in [1,140] ms
22-Dec-2024 18:45:37.312 INFO [main] org.apache.catalina.startup.HostConfig.deployDescriptor Deploying deployment descriptor [/home/rushil/CDACPune_2024/Java/AdvancedJava/apache-tomcat-11.0.2/conf/Catalina/localhost/q1.xml]
22-Dec-2024 18:45:37.331 INFO [main] org.apache.catalina.startup.HostConfig.deployDescriptor Deployment of deployment descriptor [/home/rushil/CDACPune_2024/Java/AdvancedJava/apache-tomcat-11.0.2/conf/Catalina/localhost/q1.xml] has finished in [18] ms
22-Dec-2024 18:45:37.331 INFO [main] org.apache.catalina.startup.HostConfig.deployDirectory Deploying web application directory [/home/rushil/CDACPune_2024/Java/AdvancedJava/apache-tomcat-11.0.2/webapps/manager]
22-Dec-2024 18:45:37.358 INFO [main] org.apache.catalina.startup.HostConfig.deployDirectory Deployment of web application directory [/home/rushil/CDACPune_2024/Java/AdvancedJava/apache-tomcat-11.0.2/webapps/manager] has finished in [27] ms
22-Dec-2024 18:45:37.358 INFO [main] org.apache.catalina.startup.HostConfig.deployDirectory Deploying web application directory [/home/rushil/CDACPune_2024/Java/AdvancedJava/apache-tomcat-11.0.2/webapps/docs]
22-Dec-2024 18:45:37.373 INFO [main] org.apache.catalina.startup.HostConfig.deployDirectory Deployment of web application directory [/home/rushil/CDACPune_2024/Java/AdvancedJava/apache-tomcat-11.0.2/webapps/docs] has finished in [15] ms
22-Dec-2024 18:45:37.374 INFO [main] org.apache.catalina.startup.HostConfig.deployDirectory Deploying web application directory [/home/rushil/CDACPune_2024/Java/AdvancedJava/apache-tomcat-11.0.2/webapps/ROOT]
22-Dec-2024 18:45:37.388 INFO [main] org.apache.catalina.startup.HostConfig.deployDirectory Deployment of web application directory [/home/rushil/CDACPune_2024/Java/AdvancedJava/apache-tomcat-11.0.2/webapps/ROOT] has finished in [14] ms
22-Dec-2024 18:45:37.388 INFO [main] org.apache.catalina.startup.HostConfig.deployDirectory Deploying web application directory [/home/rushil/CDACPune_2024/Java/AdvancedJava/apache-tomcat-11.0.2/webapps/examples]
22-Dec-2024 18:45:37.585 INFO [main] org.apache.catalina.startup.HostConfig.deployDirectory Deployment of web application directory [/home/rushil/CDACPune_2024/Java/AdvancedJava/apache-tomcat-11.0.2/webapps/examples] has finished in [197] ms
22-Dec-2024 18:45:37.585 INFO [main] org.apache.catalina.startup.HostConfig.deployDirectory Deploying web application directory [/home/rushil/CDACPune_2024/Java/AdvancedJava/apache-tomcat-11.0.2/webapps/host-manager]
22-Dec-2024 18:45:37.607 INFO [main] org.apache.catalina.startup.HostConfig.deployDirectory Deployment of web application directory [/home/rushil/CDACPune_2024/Java/AdvancedJava/apache-tomcat-11.0.2/webapps/host-manager] has finished in [22] ms
22-Dec-2024 18:45:37.611 INFO [main] org.apache.coyote.AbstractProtocol.start Starting ProtocolHandler ["http-nio-8080"]
22-Dec-2024 18:45:37.623 INFO [main] org.apache.catalina.startup.Catalina.start Server startup in [1540] milliseconds
22-Dec-2024 18:48:34.949 INFO [Thread-1] org.apache.coyote.AbstractProtocol.pause Pausing ProtocolHandler ["http-nio-8080"]
22-Dec-2024 18:48:34.951 INFO [Thread-1] org.apache.catalina.core.StandardService.stopInternal Stopping service [Catalina]
22-Dec-2024 18:48:34.972 WARNING [Thread-1] org.apache.catalina.loader.WebappClassLoaderBase.clearReferencesJdbc The web application [OnlineShopping] registered the JDBC driver [org.mariadb.jdbc.Driver] but failed to unregister it when the web application was stopped. To prevent a memory leak, the JDBC Driver has been forcibly unregistered.
22-Dec-2024 18:48:34.981 INFO [Thread-1] org.apache.coyote.AbstractProtocol.stop Stopping ProtocolHandler ["http-nio-8080"]
22-Dec-2024 18:48:34.986 INFO [Thread-1] org.apache.coyote.AbstractProtocol.destroy Destroying ProtocolHandler ["http-nio-8080"]
22-Dec-2024 18:55:04.225 INFO [main] org.apache.catalina.startup.VersionLoggerListener.log Server version name:   Apache Tomcat/11.0.2
22-Dec-2024 18:55:04.231 INFO [main] org.apache.catalina.startup.VersionLoggerListener.log Server built:          Dec 5 2024 15:19:37 UTC
22-Dec-2024 18:55:04.231 INFO [main] org.apache.catalina.startup.VersionLoggerListener.log Server version number: 11.0.2.0
22-Dec-2024 18:55:04.231 INFO [main] org.apache.catalina.startup.VersionLoggerListener.log OS Name:               Linux
22-Dec-2024 18:55:04.232 INFO [main] org.apache.catalina.startup.VersionLoggerListener.log OS Version:            6.1.0-25-amd64
22-Dec-2024 18:55:04.232 INFO [main] org.apache.catalina.startup.VersionLoggerListener.log Architecture:          amd64
22-Dec-2024 18:55:04.232 INFO [main] org.apache.catalina.startup.VersionLoggerListener.log Java Home:             /home/rushil/.jdks/openjdk-20.0.2
22-Dec-2024 18:55:04.232 INFO [main] org.apache.catalina.startup.VersionLoggerListener.log JVM Version:           20.0.2+9-78
22-Dec-2024 18:55:04.232 INFO [main] org.apache.catalina.startup.VersionLoggerListener.log JVM Vendor:            Oracle Corporation
22-Dec-2024 18:55:04.232 INFO [main] org.apache.catalina.startup.VersionLoggerListener.log CATALINA_BASE:         /home/rushil/CDACPune_2024/Java/AdvancedJava/apache-tomcat-11.0.2
22-Dec-2024 18:55:04.232 INFO [main] org.apache.catalina.startup.VersionLoggerListener.log CATALINA_HOME:         /home/rushil/CDACPune_2024/Java/AdvancedJava/apache-tomcat-11.0.2
22-Dec-2024 18:55:04.246 INFO [main] org.apache.catalina.startup.VersionLoggerListener.log Command line argument: --add-opens=java.base/java.lang=ALL-UNNAMED
22-Dec-2024 18:55:04.246 INFO [main] org.apache.catalina.startup.VersionLoggerListener.log Command line argument: --add-opens=java.base/java.io=ALL-UNNAMED
22-Dec-2024 18:55:04.246 INFO [main] org.apache.catalina.startup.VersionLoggerListener.log Command line argument: --add-opens=java.base/java.util=ALL-UNNAMED
22-Dec-2024 18:55:04.247 INFO [main] org.apache.catalina.startup.VersionLoggerListener.log Command line argument: --add-opens=java.base/java.util.concurrent=ALL-UNNAMED
22-Dec-2024 18:55:04.247 INFO [main] org.apache.catalina.startup.VersionLoggerListener.log Command line argument: --add-opens=java.rmi/sun.rmi.transport=ALL-UNNAMED
22-Dec-2024 18:55:04.247 INFO [main] org.apache.catalina.startup.VersionLoggerListener.log Command line argument: -Dcatalina.home=/home/rushil/CDACPune_2024/Java/AdvancedJava/apache-tomcat-11.0.2
22-Dec-2024 18:55:04.247 INFO [main] org.apache.catalina.startup.VersionLoggerListener.log Command line argument: -Dcatalina.base=/home/rushil/CDACPune_2024/Java/AdvancedJava/apache-tomcat-11.0.2
22-Dec-2024 18:55:04.247 INFO [main] org.apache.catalina.startup.VersionLoggerListener.log Command line argument: -Djava.io.tmpdir=/home/rushil/CDACPune_2024/Java/AdvancedJava/apache-tomcat-11.0.2/temp
22-Dec-2024 18:55:04.247 INFO [main] org.apache.catalina.startup.VersionLoggerListener.log Command line argument: -Djava.util.logging.config.file=/home/rushil/CDACPune_2024/Java/AdvancedJava/apache-tomcat-11.0.2/conf/logging.properties
22-Dec-2024 18:55:04.247 INFO [main] org.apache.catalina.startup.VersionLoggerListener.log Command line argument: -Djava.util.logging.manager=org.apache.juli.ClassLoaderLogManager
22-Dec-2024 18:55:04.248 INFO [main] org.apache.catalina.startup.VersionLoggerListener.log Command line argument: -javaagent:/opt/idea-IU-243.22562.145/lib/idea_rt.jar=39051:/opt/idea-IU-243.22562.145/bin
22-Dec-2024 18:55:04.248 INFO [main] org.apache.catalina.startup.VersionLoggerListener.log Command line argument: -Dfile.encoding=UTF-8
22-Dec-2024 18:55:04.248 INFO [main] org.apache.catalina.startup.VersionLoggerListener.log Command line argument: -Dsun.stdout.encoding=UTF-8
22-Dec-2024 18:55:04.248 INFO [main] org.apache.catalina.startup.VersionLoggerListener.log Command line argument: -Dsun.stderr.encoding=UTF-8
22-Dec-2024 18:55:04.250 INFO [main] org.apache.catalina.core.AprLifecycleListener.lifecycleEvent The Apache Tomcat Native library which allows using OpenSSL was not found on the java.library.path: [/usr/java/packages/lib:/usr/lib64:/lib64:/lib:/usr/lib]
22-Dec-2024 18:55:04.756 INFO [main] org.apache.coyote.AbstractProtocol.init Initializing ProtocolHandler ["http-nio-8080"]
22-Dec-2024 18:55:04.779 INFO [main] org.apache.catalina.startup.Catalina.load Server initialization in [896] milliseconds
22-Dec-2024 18:55:04.833 INFO [main] org.apache.catalina.core.StandardService.startInternal Starting service [Catalina]
22-Dec-2024 18:55:04.833 INFO [main] org.apache.catalina.core.StandardEngine.startInternal Starting Servlet engine: [Apache Tomcat/11.0.2]
22-Dec-2024 18:55:04.844 INFO [main] org.apache.catalina.startup.HostConfig.deployDescriptor Deploying deployment descriptor [/home/rushil/CDACPune_2024/Java/AdvancedJava/apache-tomcat-11.0.2/conf/Catalina/localhost/OnlineShopping.xml]
22-Dec-2024 18:55:05.646 INFO [main] org.apache.jasper.servlet.TldScanner.scanJars At least one JAR was scanned for TLDs yet contained no TLDs. Enable debug logging for this logger for a complete list of JARs that were scanned but no TLDs were found in them. Skipping unneeded JARs during scanning can improve startup time and JSP compilation time.
22-Dec-2024 18:55:05.671 INFO [main] org.apache.catalina.startup.HostConfig.deployDescriptor Deployment of deployment descriptor [/home/rushil/CDACPune_2024/Java/AdvancedJava/apache-tomcat-11.0.2/conf/Catalina/localhost/OnlineShopping.xml] has finished in [826] ms
22-Dec-2024 18:55:05.671 INFO [main] org.apache.catalina.startup.HostConfig.deployDescriptor Deploying deployment descriptor [/home/rushil/CDACPune_2024/Java/AdvancedJava/apache-tomcat-11.0.2/conf/Catalina/localhost/q1.xml]
22-Dec-2024 18:55:05.689 INFO [main] org.apache.catalina.startup.HostConfig.deployDescriptor Deployment of deployment descriptor [/home/rushil/CDACPune_2024/Java/AdvancedJava/apache-tomcat-11.0.2/conf/Catalina/localhost/q1.xml] has finished in [18] ms
22-Dec-2024 18:55:05.690 INFO [main] org.apache.catalina.startup.HostConfig.deployDirectory Deploying web application directory [/home/rushil/CDACPune_2024/Java/AdvancedJava/apache-tomcat-11.0.2/webapps/manager]
22-Dec-2024 18:55:05.725 INFO [main] org.apache.catalina.startup.HostConfig.deployDirectory Deployment of web application directory [/home/rushil/CDACPune_2024/Java/AdvancedJava/apache-tomcat-11.0.2/webapps/manager] has finished in [34] ms
22-Dec-2024 18:55:05.725 INFO [main] org.apache.catalina.startup.HostConfig.deployDirectory Deploying web application directory [/home/rushil/CDACPune_2024/Java/AdvancedJava/apache-tomcat-11.0.2/webapps/docs]
22-Dec-2024 18:55:05.741 INFO [main] org.apache.catalina.startup.HostConfig.deployDirectory Deployment of web application directory [/home/rushil/CDACPune_2024/Java/AdvancedJava/apache-tomcat-11.0.2/webapps/docs] has finished in [16] ms
22-Dec-2024 18:55:05.741 INFO [main] org.apache.catalina.startup.HostConfig.deployDirectory Deploying web application directory [/home/rushil/CDACPune_2024/Java/AdvancedJava/apache-tomcat-11.0.2/webapps/ROOT]
22-Dec-2024 18:55:05.757 INFO [main] org.apache.catalina.startup.HostConfig.deployDirectory Deployment of web application directory [/home/rushil/CDACPune_2024/Java/AdvancedJava/apache-tomcat-11.0.2/webapps/ROOT] has finished in [16] ms
22-Dec-2024 18:55:05.757 INFO [main] org.apache.catalina.startup.HostConfig.deployDirectory Deploying web application directory [/home/rushil/CDACPune_2024/Java/AdvancedJava/apache-tomcat-11.0.2/webapps/examples]
22-Dec-2024 18:55:05.984 INFO [main] org.apache.catalina.startup.HostConfig.deployDirectory Deployment of web application directory [/home/rushil/CDACPune_2024/Java/AdvancedJava/apache-tomcat-11.0.2/webapps/examples] has finished in [226] ms
22-Dec-2024 18:55:05.985 INFO [main] org.apache.catalina.startup.HostConfig.deployDirectory Deploying web application directory [/home/rushil/CDACPune_2024/Java/AdvancedJava/apache-tomcat-11.0.2/webapps/host-manager]
22-Dec-2024 18:55:06.005 INFO [main] org.apache.catalina.startup.HostConfig.deployDirectory Deployment of web application directory [/home/rushil/CDACPune_2024/Java/AdvancedJava/apache-tomcat-11.0.2/webapps/host-manager] has finished in [21] ms
22-Dec-2024 18:55:06.009 INFO [main] org.apache.coyote.AbstractProtocol.start Starting ProtocolHandler ["http-nio-8080"]
22-Dec-2024 18:55:06.023 INFO [main] org.apache.catalina.startup.Catalina.start Server startup in [1241] milliseconds
22-Dec-2024 20:59:10.418 INFO [Thread-1] org.apache.coyote.AbstractProtocol.pause Pausing ProtocolHandler ["http-nio-8080"]
22-Dec-2024 20:59:10.420 INFO [Thread-1] org.apache.catalina.core.StandardService.stopInternal Stopping service [Catalina]
22-Dec-2024 20:59:10.444 WARNING [Thread-1] org.apache.catalina.loader.WebappClassLoaderBase.clearReferencesJdbc The web application [OnlineShopping] registered the JDBC driver [org.mariadb.jdbc.Driver] but failed to unregister it when the web application was stopped. To prevent a memory leak, the JDBC Driver has been forcibly unregistered.
22-Dec-2024 20:59:10.451 INFO [Thread-1] org.apache.coyote.AbstractProtocol.stop Stopping ProtocolHandler ["http-nio-8080"]
22-Dec-2024 20:59:10.464 INFO [Thread-1] org.apache.coyote.AbstractProtocol.destroy Destroying ProtocolHandler ["http-nio-8080"]
22-Dec-2024 20:59:12.798 INFO [main] org.apache.catalina.startup.VersionLoggerListener.log Server version name:   Apache Tomcat/11.0.2
22-Dec-2024 20:59:12.803 INFO [main] org.apache.catalina.startup.VersionLoggerListener.log Server built:          Dec 5 2024 15:19:37 UTC
22-Dec-2024 20:59:12.803 INFO [main] org.apache.catalina.startup.VersionLoggerListener.log Server version number: 11.0.2.0
22-Dec-2024 20:59:12.803 INFO [main] org.apache.catalina.startup.VersionLoggerListener.log OS Name:               Linux
22-Dec-2024 20:59:12.803 INFO [main] org.apache.catalina.startup.VersionLoggerListener.log OS Version:            6.1.0-25-amd64
22-Dec-2024 20:59:12.803 INFO [main] org.apache.catalina.startup.VersionLoggerListener.log Architecture:          amd64
22-Dec-2024 20:59:12.803 INFO [main] org.apache.catalina.startup.VersionLoggerListener.log Java Home:             /home/rushil/.jdks/openjdk-20.0.2
22-Dec-2024 20:59:12.803 INFO [main] org.apache.catalina.startup.VersionLoggerListener.log JVM Version:           20.0.2+9-78
22-Dec-2024 20:59:12.804 INFO [main] org.apache.catalina.startup.VersionLoggerListener.log JVM Vendor:            Oracle Corporation
22-Dec-2024 20:59:12.804 INFO [main] org.apache.catalina.startup.VersionLoggerListener.log CATALINA_BASE:         /home/rushil/CDACPune_2024/Java/AdvancedJava/apache-tomcat-11.0.2
22-Dec-2024 20:59:12.804 INFO [main] org.apache.catalina.startup.VersionLoggerListener.log CATALINA_HOME:         /home/rushil/CDACPune_2024/Java/AdvancedJava/apache-tomcat-11.0.2
22-Dec-2024 20:59:12.812 INFO [main] org.apache.catalina.startup.VersionLoggerListener.log Command line argument: --add-opens=java.base/java.lang=ALL-UNNAMED
22-Dec-2024 20:59:12.812 INFO [main] org.apache.catalina.startup.VersionLoggerListener.log Command line argument: --add-opens=java.base/java.io=ALL-UNNAMED
22-Dec-2024 20:59:12.813 INFO [main] org.apache.catalina.startup.VersionLoggerListener.log Command line argument: --add-opens=java.base/java.util=ALL-UNNAMED
22-Dec-2024 20:59:12.813 INFO [main] org.apache.catalina.startup.VersionLoggerListener.log Command line argument: --add-opens=java.base/java.util.concurrent=ALL-UNNAMED
22-Dec-2024 20:59:12.813 INFO [main] org.apache.catalina.startup.VersionLoggerListener.log Command line argument: --add-opens=java.rmi/sun.rmi.transport=ALL-UNNAMED
22-Dec-2024 20:59:12.813 INFO [main] org.apache.catalina.startup.VersionLoggerListener.log Command line argument: -Dcatalina.home=/home/rushil/CDACPune_2024/Java/AdvancedJava/apache-tomcat-11.0.2
22-Dec-2024 20:59:12.813 INFO [main] org.apache.catalina.startup.VersionLoggerListener.log Command line argument: -Dcatalina.base=/home/rushil/CDACPune_2024/Java/AdvancedJava/apache-tomcat-11.0.2
22-Dec-2024 20:59:12.813 INFO [main] org.apache.catalina.startup.VersionLoggerListener.log Command line argument: -Djava.io.tmpdir=/home/rushil/CDACPune_2024/Java/AdvancedJava/apache-tomcat-11.0.2/temp
22-Dec-2024 20:59:12.813 INFO [main] org.apache.catalina.startup.VersionLoggerListener.log Command line argument: -Djava.util.logging.config.file=/home/rushil/CDACPune_2024/Java/AdvancedJava/apache-tomcat-11.0.2/conf/logging.properties
22-Dec-2024 20:59:12.813 INFO [main] org.apache.catalina.startup.VersionLoggerListener.log Command line argument: -Djava.util.logging.manager=org.apache.juli.ClassLoaderLogManager
22-Dec-2024 20:59:12.814 INFO [main] org.apache.catalina.startup.VersionLoggerListener.log Command line argument: -javaagent:/opt/idea-IU-243.22562.145/lib/idea_rt.jar=34039:/opt/idea-IU-243.22562.145/bin
22-Dec-2024 20:59:12.814 INFO [main] org.apache.catalina.startup.VersionLoggerListener.log Command line argument: -Dfile.encoding=UTF-8
22-Dec-2024 20:59:12.814 INFO [main] org.apache.catalina.startup.VersionLoggerListener.log Command line argument: -Dsun.stdout.encoding=UTF-8
22-Dec-2024 20:59:12.814 INFO [main] org.apache.catalina.startup.VersionLoggerListener.log Command line argument: -Dsun.stderr.encoding=UTF-8
22-Dec-2024 20:59:12.815 INFO [main] org.apache.catalina.core.AprLifecycleListener.lifecycleEvent The Apache Tomcat Native library which allows using OpenSSL was not found on the java.library.path: [/usr/java/packages/lib:/usr/lib64:/lib64:/lib:/usr/lib]
22-Dec-2024 20:59:13.270 INFO [main] org.apache.coyote.AbstractProtocol.init Initializing ProtocolHandler ["http-nio-8080"]
22-Dec-2024 20:59:13.292 INFO [main] org.apache.catalina.startup.Catalina.load Server initialization in [706] milliseconds
22-Dec-2024 20:59:13.340 INFO [main] org.apache.catalina.core.StandardService.startInternal Starting service [Catalina]
22-Dec-2024 20:59:13.341 INFO [main] org.apache.catalina.core.StandardEngine.startInternal Starting Servlet engine: [Apache Tomcat/11.0.2]
22-Dec-2024 20:59:13.350 INFO [main] org.apache.catalina.startup.HostConfig.deployDescriptor Deploying deployment descriptor [/home/rushil/CDACPune_2024/Java/AdvancedJava/apache-tomcat-11.0.2/conf/Catalina/localhost/OnlineShopping.xml]
22-Dec-2024 20:59:14.062 INFO [main] org.apache.jasper.servlet.TldScanner.scanJars At least one JAR was scanned for TLDs yet contained no TLDs. Enable debug logging for this logger for a complete list of JARs that were scanned but no TLDs were found in them. Skipping unneeded JARs during scanning can improve startup time and JSP compilation time.
22-Dec-2024 20:59:14.091 INFO [main] org.apache.catalina.startup.HostConfig.deployDescriptor Deployment of deployment descriptor [/home/rushil/CDACPune_2024/Java/AdvancedJava/apache-tomcat-11.0.2/conf/Catalina/localhost/OnlineShopping.xml] has finished in [740] ms
22-Dec-2024 20:59:14.091 INFO [main] org.apache.catalina.startup.HostConfig.deployDescriptor Deploying deployment descriptor [/home/rushil/CDACPune_2024/Java/AdvancedJava/apache-tomcat-11.0.2/conf/Catalina/localhost/q1.xml]
22-Dec-2024 20:59:14.110 INFO [main] org.apache.catalina.startup.HostConfig.deployDescriptor Deployment of deployment descriptor [/home/rushil/CDACPune_2024/Java/AdvancedJava/apache-tomcat-11.0.2/conf/Catalina/localhost/q1.xml] has finished in [19] ms
22-Dec-2024 20:59:14.111 INFO [main] org.apache.catalina.startup.HostConfig.deployDirectory Deploying web application directory [/home/rushil/CDACPune_2024/Java/AdvancedJava/apache-tomcat-11.0.2/webapps/manager]
22-Dec-2024 20:59:14.142 INFO [main] org.apache.catalina.startup.HostConfig.deployDirectory Deployment of web application directory [/home/rushil/CDACPune_2024/Java/AdvancedJava/apache-tomcat-11.0.2/webapps/manager] has finished in [31] ms
22-Dec-2024 20:59:14.143 INFO [main] org.apache.catalina.startup.HostConfig.deployDirectory Deploying web application directory [/home/rushil/CDACPune_2024/Java/AdvancedJava/apache-tomcat-11.0.2/webapps/docs]
22-Dec-2024 20:59:14.157 INFO [main] org.apache.catalina.startup.HostConfig.deployDirectory Deployment of web application directory [/home/rushil/CDACPune_2024/Java/AdvancedJava/apache-tomcat-11.0.2/webapps/docs] has finished in [14] ms
22-Dec-2024 20:59:14.157 INFO [main] org.apache.catalina.startup.HostConfig.deployDirectory Deploying web application directory [/home/rushil/CDACPune_2024/Java/AdvancedJava/apache-tomcat-11.0.2/webapps/ROOT]
22-Dec-2024 20:59:14.169 INFO [main] org.apache.catalina.startup.HostConfig.deployDirectory Deployment of web application directory [/home/rushil/CDACPune_2024/Java/AdvancedJava/apache-tomcat-11.0.2/webapps/ROOT] has finished in [12] ms
22-Dec-2024 20:59:14.169 INFO [main] org.apache.catalina.startup.HostConfig.deployDirectory Deploying web application directory [/home/rushil/CDACPune_2024/Java/AdvancedJava/apache-tomcat-11.0.2/webapps/examples]
22-Dec-2024 20:59:14.346 INFO [main] org.apache.catalina.startup.HostConfig.deployDirectory Deployment of web application directory [/home/rushil/CDACPune_2024/Java/AdvancedJava/apache-tomcat-11.0.2/webapps/examples] has finished in [177] ms
22-Dec-2024 20:59:14.346 INFO [main] org.apache.catalina.startup.HostConfig.deployDirectory Deploying web application directory [/home/rushil/CDACPune_2024/Java/AdvancedJava/apache-tomcat-11.0.2/webapps/host-manager]
22-Dec-2024 20:59:14.370 INFO [main] org.apache.catalina.startup.HostConfig.deployDirectory Deployment of web application directory [/home/rushil/CDACPune_2024/Java/AdvancedJava/apache-tomcat-11.0.2/webapps/host-manager] has finished in [24] ms
22-Dec-2024 20:59:14.374 INFO [main] org.apache.coyote.AbstractProtocol.start Starting ProtocolHandler ["http-nio-8080"]
22-Dec-2024 20:59:14.386 INFO [main] org.apache.catalina.startup.Catalina.start Server startup in [1091] milliseconds
22-Dec-2024 20:59:15.551 INFO [Thread-1] org.apache.coyote.AbstractProtocol.pause Pausing ProtocolHandler ["http-nio-8080"]
22-Dec-2024 20:59:15.553 INFO [Thread-1] org.apache.catalina.core.StandardService.stopInternal Stopping service [Catalina]
22-Dec-2024 20:59:15.584 INFO [Thread-1] org.apache.coyote.AbstractProtocol.stop Stopping ProtocolHandler ["http-nio-8080"]
22-Dec-2024 20:59:15.588 INFO [Thread-1] org.apache.coyote.AbstractProtocol.destroy Destroying ProtocolHandler ["http-nio-8080"]
