23-Dec-2024 04:56:55.134 INFO [main] org.apache.catalina.core.ApplicationContext.log ContextListener: contextInitialized()
23-Dec-2024 04:56:55.134 INFO [main] org.apache.catalina.core.ApplicationContext.log SessionListener: contextInitialized()
23-Dec-2024 04:56:55.137 INFO [main] org.apache.catalina.core.ApplicationContext.log ContextListener: attributeAdded('StockTicker', 'async.Stockticker@39c96e48')
23-Dec-2024 04:57:23.486 INFO [Thread-1] org.apache.catalina.core.ApplicationContext.log SessionListener: contextDestroyed()
23-Dec-2024 04:57:23.486 INFO [Thread-1] org.apache.catalina.core.ApplicationContext.log ContextListener: contextDestroyed()
23-Dec-2024 04:57:27.249 INFO [main] org.apache.catalina.core.ApplicationContext.log ContextListener: contextInitialized()
23-Dec-2024 04:57:27.250 INFO [main] org.apache.catalina.core.ApplicationContext.log SessionListener: contextInitialized()
23-Dec-2024 04:57:27.252 INFO [main] org.apache.catalina.core.ApplicationContext.log ContextListener: attributeAdded('StockTicker', 'async.Stockticker@949c598')
23-Dec-2024 04:57:44.294 INFO [Thread-1] org.apache.catalina.core.ApplicationContext.log SessionListener: contextDestroyed()
23-Dec-2024 04:57:44.294 INFO [Thread-1] org.apache.catalina.core.ApplicationContext.log ContextListener: contextDestroyed()
23-Dec-2024 13:12:08.406 INFO [main] org.apache.catalina.core.ApplicationContext.log ContextListener: contextInitialized()
23-Dec-2024 13:12:08.407 INFO [main] org.apache.catalina.core.ApplicationContext.log SessionListener: contextInitialized()
23-Dec-2024 13:12:08.408 INFO [main] org.apache.catalina.core.ApplicationContext.log ContextListener: attributeAdded('StockTicker', 'async.Stockticker@303c55fa')
23-Dec-2024 13:12:21.577 SEVERE [http-nio-8080-exec-4] org.apache.catalina.core.StandardWrapperValve.invoke Servlet.service() for servlet [jsp] in context with path [/OnlineShopping] threw exception [An exception occurred processing [/category.jsp] at line [35]

32:         try(
33:                 Connection connection = DriverManager.getConnection(dbUrl,dbUsername,dbPassword);
34:                 PreparedStatement statement = connection.prepareStatement("SELCT * FROM Category");
35:                 ResultSet set = statement.executeQuery();
36:         ){
37:             while(set.next()){%>
38:                 <tr>


Stacktrace:] with root cause
	java.sql.SQLSyntaxErrorException: (conn=395) You have an error in your SQL syntax; check the manual that corresponds to your MariaDB server version for the right syntax to use near 'SELCT * FROM Category' at line 1
		at org.mariadb.jdbc.export.ExceptionFactory.createException(ExceptionFactory.java:289)
		at org.mariadb.jdbc.export.ExceptionFactory.create(ExceptionFactory.java:378)
		at org.mariadb.jdbc.message.ClientMessage.readPacket(ClientMessage.java:189)
		at org.mariadb.jdbc.client.impl.StandardClient.readPacket(StandardClient.java:1246)
		at org.mariadb.jdbc.client.impl.StandardClient.readResults(StandardClient.java:1185)
		at org.mariadb.jdbc.client.impl.StandardClient.readResponse(StandardClient.java:1104)
		at org.mariadb.jdbc.client.impl.StandardClient.execute(StandardClient.java:1028)
		at org.mariadb.jdbc.ClientPreparedStatement.executeInternal(ClientPreparedStatement.java:101)
		at org.mariadb.jdbc.ClientPreparedStatement.executeQuery(ClientPreparedStatement.java:267)
		at org.apache.jsp.category_jsp._jspService(category_jsp.java:158)
		at org.apache.jasper.runtime.HttpJspBase.service(HttpJspBase.java:67)
		at jakarta.servlet.http.HttpServlet.service(HttpServlet.java:716)
		at org.apache.jasper.servlet.JspServletWrapper.service(JspServletWrapper.java:456)
		at org.apache.jasper.servlet.JspServlet.serviceJspFile(JspServlet.java:354)
		at org.apache.jasper.servlet.JspServlet.service(JspServlet.java:302)
		at jakarta.servlet.http.HttpServlet.service(HttpServlet.java:716)
		at org.apache.catalina.core.ApplicationFilterChain.doFilter(ApplicationFilterChain.java:130)
		at org.apache.tomcat.websocket.server.WsFilter.doFilter(WsFilter.java:51)
		at org.apache.catalina.core.ApplicationFilterChain.doFilter(ApplicationFilterChain.java:109)
		at org.apache.catalina.core.StandardWrapperValve.invoke(StandardWrapperValve.java:167)
		at org.apache.catalina.core.StandardContextValve.invoke(StandardContextValve.java:79)
		at org.apache.catalina.authenticator.AuthenticatorBase.invoke(AuthenticatorBase.java:483)
		at org.apache.catalina.core.StandardHostValve.invoke(StandardHostValve.java:115)
		at org.apache.catalina.valves.ErrorReportValve.invoke(ErrorReportValve.java:93)
		at org.apache.catalina.valves.AbstractAccessLogValve.invoke(AbstractAccessLogValve.java:663)
		at org.apache.catalina.core.StandardEngineValve.invoke(StandardEngineValve.java:74)
		at org.apache.catalina.connector.CoyoteAdapter.service(CoyoteAdapter.java:342)
		at org.apache.coyote.http11.Http11Processor.service(Http11Processor.java:395)
		at org.apache.coyote.AbstractProcessorLight.process(AbstractProcessorLight.java:63)
		at org.apache.coyote.AbstractProtocol$ConnectionHandler.process(AbstractProtocol.java:905)
		at org.apache.tomcat.util.net.NioEndpoint$SocketProcessor.doRun(NioEndpoint.java:1746)
		at org.apache.tomcat.util.net.SocketProcessorBase.run(SocketProcessorBase.java:52)
		at org.apache.tomcat.util.threads.ThreadPoolExecutor.runWorker(ThreadPoolExecutor.java:1148)
		at org.apache.tomcat.util.threads.ThreadPoolExecutor$Worker.run(ThreadPoolExecutor.java:636)
		at org.apache.tomcat.util.threads.TaskThread$WrappingRunnable.run(TaskThread.java:63)
		at java.base/java.lang.Thread.run(Thread.java:1623)
23-Dec-2024 13:12:41.901 INFO [Thread-1] org.apache.catalina.core.ApplicationContext.log SessionListener: contextDestroyed()
23-Dec-2024 13:12:41.901 INFO [Thread-1] org.apache.catalina.core.ApplicationContext.log ContextListener: contextDestroyed()
23-Dec-2024 13:12:44.670 INFO [main] org.apache.catalina.core.ApplicationContext.log ContextListener: contextInitialized()
23-Dec-2024 13:12:44.670 INFO [main] org.apache.catalina.core.ApplicationContext.log SessionListener: contextInitialized()
23-Dec-2024 13:12:44.671 INFO [main] org.apache.catalina.core.ApplicationContext.log ContextListener: attributeAdded('StockTicker', 'async.Stockticker@2ee83775')
23-Dec-2024 13:12:54.592 SEVERE [http-nio-8080-exec-3] org.apache.catalina.core.StandardWrapperValve.invoke Servlet.service() for servlet [jsp] in context with path [/OnlineShopping] threw exception [An exception occurred processing [/category.jsp] at line [35]

32:         try(
33:                 Connection connection = DriverManager.getConnection(dbUrl,dbUsername,dbPassword);
34:                 PreparedStatement statement = connection.prepareStatement("SELCT * FROM Category");
35:                 ResultSet set = statement.executeQuery();
36:         ){
37:             while(set.next()){%>
38:                 <tr>


Stacktrace:] with root cause
	java.sql.SQLSyntaxErrorException: (conn=397) You have an error in your SQL syntax; check the manual that corresponds to your MariaDB server version for the right syntax to use near 'SELCT * FROM Category' at line 1
		at org.mariadb.jdbc.export.ExceptionFactory.createException(ExceptionFactory.java:289)
		at org.mariadb.jdbc.export.ExceptionFactory.create(ExceptionFactory.java:378)
		at org.mariadb.jdbc.message.ClientMessage.readPacket(ClientMessage.java:189)
		at org.mariadb.jdbc.client.impl.StandardClient.readPacket(StandardClient.java:1246)
		at org.mariadb.jdbc.client.impl.StandardClient.readResults(StandardClient.java:1185)
		at org.mariadb.jdbc.client.impl.StandardClient.readResponse(StandardClient.java:1104)
		at org.mariadb.jdbc.client.impl.StandardClient.execute(StandardClient.java:1028)
		at org.mariadb.jdbc.ClientPreparedStatement.executeInternal(ClientPreparedStatement.java:101)
		at org.mariadb.jdbc.ClientPreparedStatement.executeQuery(ClientPreparedStatement.java:267)
		at org.apache.jsp.category_jsp._jspService(category_jsp.java:158)
		at org.apache.jasper.runtime.HttpJspBase.service(HttpJspBase.java:67)
		at jakarta.servlet.http.HttpServlet.service(HttpServlet.java:716)
		at org.apache.jasper.servlet.JspServletWrapper.service(JspServletWrapper.java:456)
		at org.apache.jasper.servlet.JspServlet.serviceJspFile(JspServlet.java:354)
		at org.apache.jasper.servlet.JspServlet.service(JspServlet.java:302)
		at jakarta.servlet.http.HttpServlet.service(HttpServlet.java:716)
		at org.apache.catalina.core.ApplicationFilterChain.doFilter(ApplicationFilterChain.java:130)
		at org.apache.tomcat.websocket.server.WsFilter.doFilter(WsFilter.java:51)
		at org.apache.catalina.core.ApplicationFilterChain.doFilter(ApplicationFilterChain.java:109)
		at org.apache.catalina.core.StandardWrapperValve.invoke(StandardWrapperValve.java:167)
		at org.apache.catalina.core.StandardContextValve.invoke(StandardContextValve.java:79)
		at org.apache.catalina.authenticator.AuthenticatorBase.invoke(AuthenticatorBase.java:483)
		at org.apache.catalina.core.StandardHostValve.invoke(StandardHostValve.java:115)
		at org.apache.catalina.valves.ErrorReportValve.invoke(ErrorReportValve.java:93)
		at org.apache.catalina.valves.AbstractAccessLogValve.invoke(AbstractAccessLogValve.java:663)
		at org.apache.catalina.core.StandardEngineValve.invoke(StandardEngineValve.java:74)
		at org.apache.catalina.connector.CoyoteAdapter.service(CoyoteAdapter.java:342)
		at org.apache.coyote.http11.Http11Processor.service(Http11Processor.java:395)
		at org.apache.coyote.AbstractProcessorLight.process(AbstractProcessorLight.java:63)
		at org.apache.coyote.AbstractProtocol$ConnectionHandler.process(AbstractProtocol.java:905)
		at org.apache.tomcat.util.net.NioEndpoint$SocketProcessor.doRun(NioEndpoint.java:1746)
		at org.apache.tomcat.util.net.SocketProcessorBase.run(SocketProcessorBase.java:52)
		at org.apache.tomcat.util.threads.ThreadPoolExecutor.runWorker(ThreadPoolExecutor.java:1148)
		at org.apache.tomcat.util.threads.ThreadPoolExecutor$Worker.run(ThreadPoolExecutor.java:636)
		at org.apache.tomcat.util.threads.TaskThread$WrappingRunnable.run(TaskThread.java:63)
		at java.base/java.lang.Thread.run(Thread.java:1623)
23-Dec-2024 13:14:12.357 INFO [Thread-1] org.apache.catalina.core.ApplicationContext.log SessionListener: contextDestroyed()
23-Dec-2024 13:14:12.357 INFO [Thread-1] org.apache.catalina.core.ApplicationContext.log ContextListener: contextDestroyed()
23-Dec-2024 13:14:16.185 INFO [main] org.apache.catalina.core.ApplicationContext.log ContextListener: contextInitialized()
23-Dec-2024 13:14:16.186 INFO [main] org.apache.catalina.core.ApplicationContext.log SessionListener: contextInitialized()
23-Dec-2024 13:14:16.187 INFO [main] org.apache.catalina.core.ApplicationContext.log ContextListener: attributeAdded('StockTicker', 'async.Stockticker@2ee83775')
23-Dec-2024 13:15:27.748 INFO [Thread-1] org.apache.catalina.core.ApplicationContext.log SessionListener: contextDestroyed()
23-Dec-2024 13:15:27.748 INFO [Thread-1] org.apache.catalina.core.ApplicationContext.log ContextListener: contextDestroyed()
23-Dec-2024 13:15:31.156 INFO [main] org.apache.catalina.core.ApplicationContext.log ContextListener: contextInitialized()
23-Dec-2024 13:15:31.157 INFO [main] org.apache.catalina.core.ApplicationContext.log SessionListener: contextInitialized()
23-Dec-2024 13:15:31.158 INFO [main] org.apache.catalina.core.ApplicationContext.log ContextListener: attributeAdded('StockTicker', 'async.Stockticker@39c96e48')
23-Dec-2024 13:19:06.783 INFO [Thread-1] org.apache.catalina.core.ApplicationContext.log SessionListener: contextDestroyed()
23-Dec-2024 13:19:06.783 INFO [Thread-1] org.apache.catalina.core.ApplicationContext.log ContextListener: contextDestroyed()
23-Dec-2024 13:32:19.978 INFO [main] org.apache.catalina.core.ApplicationContext.log ContextListener: contextInitialized()
23-Dec-2024 13:32:19.979 INFO [main] org.apache.catalina.core.ApplicationContext.log SessionListener: contextInitialized()
23-Dec-2024 13:32:19.980 INFO [main] org.apache.catalina.core.ApplicationContext.log ContextListener: attributeAdded('StockTicker', 'async.Stockticker@3f81621c')
23-Dec-2024 13:32:28.288 INFO [Thread-1] org.apache.catalina.core.ApplicationContext.log SessionListener: contextDestroyed()
23-Dec-2024 13:32:28.288 INFO [Thread-1] org.apache.catalina.core.ApplicationContext.log ContextListener: contextDestroyed()
23-Dec-2024 13:33:59.339 INFO [main] org.apache.catalina.core.ApplicationContext.log ContextListener: contextInitialized()
23-Dec-2024 13:33:59.339 INFO [main] org.apache.catalina.core.ApplicationContext.log SessionListener: contextInitialized()
23-Dec-2024 13:33:59.340 INFO [main] org.apache.catalina.core.ApplicationContext.log ContextListener: attributeAdded('StockTicker', 'async.Stockticker@2ee83775')
23-Dec-2024 13:37:47.343 INFO [Thread-1] org.apache.catalina.core.ApplicationContext.log SessionListener: contextDestroyed()
23-Dec-2024 13:37:47.343 INFO [Thread-1] org.apache.catalina.core.ApplicationContext.log ContextListener: contextDestroyed()
23-Dec-2024 13:37:50.889 INFO [main] org.apache.catalina.core.ApplicationContext.log ContextListener: contextInitialized()
23-Dec-2024 13:37:50.890 INFO [main] org.apache.catalina.core.ApplicationContext.log SessionListener: contextInitialized()
23-Dec-2024 13:37:50.891 INFO [main] org.apache.catalina.core.ApplicationContext.log ContextListener: attributeAdded('StockTicker', 'async.Stockticker@39c96e48')
23-Dec-2024 13:38:55.914 INFO [Thread-1] org.apache.catalina.core.ApplicationContext.log SessionListener: contextDestroyed()
23-Dec-2024 13:38:55.914 INFO [Thread-1] org.apache.catalina.core.ApplicationContext.log ContextListener: contextDestroyed()
23-Dec-2024 13:40:13.142 INFO [main] org.apache.catalina.core.ApplicationContext.log ContextListener: contextInitialized()
23-Dec-2024 13:40:13.142 INFO [main] org.apache.catalina.core.ApplicationContext.log SessionListener: contextInitialized()
23-Dec-2024 13:40:13.144 INFO [main] org.apache.catalina.core.ApplicationContext.log ContextListener: attributeAdded('StockTicker', 'async.Stockticker@590f0c50')
23-Dec-2024 13:41:03.410 INFO [Thread-1] org.apache.catalina.core.ApplicationContext.log SessionListener: contextDestroyed()
23-Dec-2024 13:41:03.410 INFO [Thread-1] org.apache.catalina.core.ApplicationContext.log ContextListener: contextDestroyed()
23-Dec-2024 13:41:06.905 INFO [main] org.apache.catalina.core.ApplicationContext.log ContextListener: contextInitialized()
23-Dec-2024 13:41:06.905 INFO [main] org.apache.catalina.core.ApplicationContext.log SessionListener: contextInitialized()
23-Dec-2024 13:41:06.906 INFO [main] org.apache.catalina.core.ApplicationContext.log ContextListener: attributeAdded('StockTicker', 'async.Stockticker@2e86807a')
23-Dec-2024 13:41:28.684 INFO [Thread-1] org.apache.catalina.core.ApplicationContext.log SessionListener: contextDestroyed()
23-Dec-2024 13:41:28.684 INFO [Thread-1] org.apache.catalina.core.ApplicationContext.log ContextListener: contextDestroyed()
23-Dec-2024 13:43:40.154 INFO [main] org.apache.catalina.core.ApplicationContext.log ContextListener: contextInitialized()
23-Dec-2024 13:43:40.154 INFO [main] org.apache.catalina.core.ApplicationContext.log SessionListener: contextInitialized()
23-Dec-2024 13:43:40.156 INFO [main] org.apache.catalina.core.ApplicationContext.log ContextListener: attributeAdded('StockTicker', 'async.Stockticker@590f0c50')
23-Dec-2024 14:44:35.322 INFO [Thread-1] org.apache.catalina.core.ApplicationContext.log SessionListener: contextDestroyed()
23-Dec-2024 14:44:35.322 INFO [Thread-1] org.apache.catalina.core.ApplicationContext.log ContextListener: contextDestroyed()
23-Dec-2024 14:44:39.249 INFO [main] org.apache.catalina.core.ApplicationContext.log ContextListener: contextInitialized()
23-Dec-2024 14:44:39.249 INFO [main] org.apache.catalina.core.ApplicationContext.log SessionListener: contextInitialized()
23-Dec-2024 14:44:39.251 INFO [main] org.apache.catalina.core.ApplicationContext.log ContextListener: attributeAdded('StockTicker', 'async.Stockticker@2ee83775')
23-Dec-2024 15:07:04.077 INFO [Thread-1] org.apache.catalina.core.ApplicationContext.log SessionListener: contextDestroyed()
23-Dec-2024 15:07:04.077 INFO [Thread-1] org.apache.catalina.core.ApplicationContext.log ContextListener: contextDestroyed()
23-Dec-2024 15:07:07.427 INFO [main] org.apache.catalina.core.ApplicationContext.log ContextListener: contextInitialized()
23-Dec-2024 15:07:07.427 INFO [main] org.apache.catalina.core.ApplicationContext.log SessionListener: contextInitialized()
23-Dec-2024 15:07:07.429 INFO [main] org.apache.catalina.core.ApplicationContext.log ContextListener: attributeAdded('StockTicker', 'async.Stockticker@365cdacf')
23-Dec-2024 15:08:25.345 INFO [Thread-1] org.apache.catalina.core.ApplicationContext.log SessionListener: contextDestroyed()
23-Dec-2024 15:08:25.346 INFO [Thread-1] org.apache.catalina.core.ApplicationContext.log ContextListener: contextDestroyed()
23-Dec-2024 15:08:28.474 INFO [main] org.apache.catalina.core.ApplicationContext.log ContextListener: contextInitialized()
23-Dec-2024 15:08:28.475 INFO [main] org.apache.catalina.core.ApplicationContext.log SessionListener: contextInitialized()
23-Dec-2024 15:08:28.476 INFO [main] org.apache.catalina.core.ApplicationContext.log ContextListener: attributeAdded('StockTicker', 'async.Stockticker@590f0c50')
23-Dec-2024 15:18:30.023 INFO [Thread-1] org.apache.catalina.core.ApplicationContext.log SessionListener: contextDestroyed()
23-Dec-2024 15:18:30.023 INFO [Thread-1] org.apache.catalina.core.ApplicationContext.log ContextListener: contextDestroyed()
23-Dec-2024 19:40:58.462 INFO [main] org.apache.catalina.core.ApplicationContext.log ContextListener: contextInitialized()
23-Dec-2024 19:40:58.463 INFO [main] org.apache.catalina.core.ApplicationContext.log SessionListener: contextInitialized()
23-Dec-2024 19:40:58.465 INFO [main] org.apache.catalina.core.ApplicationContext.log ContextListener: attributeAdded('StockTicker', 'async.Stockticker@303c55fa')
23-Dec-2024 19:44:00.526 INFO [Thread-1] org.apache.catalina.core.ApplicationContext.log SessionListener: contextDestroyed()
23-Dec-2024 19:44:00.526 INFO [Thread-1] org.apache.catalina.core.ApplicationContext.log ContextListener: contextDestroyed()
23-Dec-2024 20:05:53.820 INFO [main] org.apache.catalina.core.ApplicationContext.log ContextListener: contextInitialized()
23-Dec-2024 20:05:53.820 INFO [main] org.apache.catalina.core.ApplicationContext.log SessionListener: contextInitialized()
23-Dec-2024 20:05:53.821 INFO [main] org.apache.catalina.core.ApplicationContext.log ContextListener: attributeAdded('StockTicker', 'async.Stockticker@2e86807a')
23-Dec-2024 20:06:05.076 SEVERE [http-nio-8080-exec-4] org.apache.catalina.core.StandardWrapperValve.invoke Servlet.service() for servlet [Onlineshopping.Users.Category] in context with path [/OnlineShopping] threw exception
	java.lang.IllegalStateException: Cannot forward after response has been committed
		at org.apache.catalina.core.ApplicationDispatcher.forward(ApplicationDispatcher.java:206)
		at Onlineshopping.Users.Category.doGet(Category.java:52)
		at jakarta.servlet.http.HttpServlet.service(HttpServlet.java:619)
		at jakarta.servlet.http.HttpServlet.service(HttpServlet.java:716)
		at org.apache.catalina.core.ApplicationFilterChain.doFilter(ApplicationFilterChain.java:130)
		at org.apache.tomcat.websocket.server.WsFilter.doFilter(WsFilter.java:51)
		at org.apache.catalina.core.ApplicationFilterChain.doFilter(ApplicationFilterChain.java:109)
		at org.apache.catalina.core.StandardWrapperValve.invoke(StandardWrapperValve.java:167)
		at org.apache.catalina.core.StandardContextValve.invoke(StandardContextValve.java:79)
		at org.apache.catalina.authenticator.AuthenticatorBase.invoke(AuthenticatorBase.java:483)
		at org.apache.catalina.core.StandardHostValve.invoke(StandardHostValve.java:115)
		at org.apache.catalina.valves.ErrorReportValve.invoke(ErrorReportValve.java:93)
		at org.apache.catalina.valves.AbstractAccessLogValve.invoke(AbstractAccessLogValve.java:663)
		at org.apache.catalina.core.StandardEngineValve.invoke(StandardEngineValve.java:74)
		at org.apache.catalina.connector.CoyoteAdapter.service(CoyoteAdapter.java:342)
		at org.apache.coyote.http11.Http11Processor.service(Http11Processor.java:395)
		at org.apache.coyote.AbstractProcessorLight.process(AbstractProcessorLight.java:63)
		at org.apache.coyote.AbstractProtocol$ConnectionHandler.process(AbstractProtocol.java:905)
		at org.apache.tomcat.util.net.NioEndpoint$SocketProcessor.doRun(NioEndpoint.java:1746)
		at org.apache.tomcat.util.net.SocketProcessorBase.run(SocketProcessorBase.java:52)
		at org.apache.tomcat.util.threads.ThreadPoolExecutor.runWorker(ThreadPoolExecutor.java:1148)
		at org.apache.tomcat.util.threads.ThreadPoolExecutor$Worker.run(ThreadPoolExecutor.java:636)
		at org.apache.tomcat.util.threads.TaskThread$WrappingRunnable.run(TaskThread.java:63)
		at java.base/java.lang.Thread.run(Thread.java:1623)
23-Dec-2024 20:06:10.199 INFO [Thread-1] org.apache.catalina.core.ApplicationContext.log SessionListener: contextDestroyed()
23-Dec-2024 20:06:10.199 INFO [Thread-1] org.apache.catalina.core.ApplicationContext.log ContextListener: contextDestroyed()
23-Dec-2024 21:23:36.353 INFO [main] org.apache.catalina.core.ApplicationContext.log ContextListener: contextInitialized()
23-Dec-2024 21:23:36.355 INFO [main] org.apache.catalina.core.ApplicationContext.log SessionListener: contextInitialized()
23-Dec-2024 21:23:36.357 INFO [main] org.apache.catalina.core.ApplicationContext.log ContextListener: attributeAdded('StockTicker', 'async.Stockticker@6bee793f')
23-Dec-2024 21:25:24.001 INFO [Thread-1] org.apache.catalina.core.ApplicationContext.log SessionListener: contextDestroyed()
23-Dec-2024 21:25:24.001 INFO [Thread-1] org.apache.catalina.core.ApplicationContext.log ContextListener: contextDestroyed()
23-Dec-2024 21:25:27.469 INFO [main] org.apache.catalina.core.ApplicationContext.log ContextListener: contextInitialized()
23-Dec-2024 21:25:27.469 INFO [main] org.apache.catalina.core.ApplicationContext.log SessionListener: contextInitialized()
23-Dec-2024 21:25:27.471 INFO [main] org.apache.catalina.core.ApplicationContext.log ContextListener: attributeAdded('StockTicker', 'async.Stockticker@365cdacf')
23-Dec-2024 21:29:43.103 INFO [Thread-1] org.apache.catalina.core.ApplicationContext.log SessionListener: contextDestroyed()
23-Dec-2024 21:29:43.103 INFO [Thread-1] org.apache.catalina.core.ApplicationContext.log ContextListener: contextDestroyed()
23-Dec-2024 21:29:46.582 INFO [main] org.apache.catalina.core.ApplicationContext.log ContextListener: contextInitialized()
23-Dec-2024 21:29:46.583 INFO [main] org.apache.catalina.core.ApplicationContext.log SessionListener: contextInitialized()
23-Dec-2024 21:29:46.584 INFO [main] org.apache.catalina.core.ApplicationContext.log ContextListener: attributeAdded('StockTicker', 'async.Stockticker@39c96e48')
23-Dec-2024 21:29:47.592 INFO [Thread-1] org.apache.catalina.core.ApplicationContext.log SessionListener: contextDestroyed()
23-Dec-2024 21:29:47.592 INFO [Thread-1] org.apache.catalina.core.ApplicationContext.log ContextListener: contextDestroyed()
23-Dec-2024 22:44:19.854 INFO [main] org.apache.catalina.core.ApplicationContext.log ContextListener: contextInitialized()
23-Dec-2024 22:44:19.854 INFO [main] org.apache.catalina.core.ApplicationContext.log SessionListener: contextInitialized()
23-Dec-2024 22:44:19.856 INFO [main] org.apache.catalina.core.ApplicationContext.log ContextListener: attributeAdded('StockTicker', 'async.Stockticker@31120021')
23-Dec-2024 22:45:00.796 INFO [Thread-1] org.apache.catalina.core.ApplicationContext.log SessionListener: contextDestroyed()
23-Dec-2024 22:45:00.796 INFO [Thread-1] org.apache.catalina.core.ApplicationContext.log ContextListener: contextDestroyed()
23-Dec-2024 22:45:04.104 INFO [main] org.apache.catalina.core.ApplicationContext.log ContextListener: contextInitialized()
23-Dec-2024 22:45:04.104 INFO [main] org.apache.catalina.core.ApplicationContext.log SessionListener: contextInitialized()
23-Dec-2024 22:45:04.106 INFO [main] org.apache.catalina.core.ApplicationContext.log ContextListener: attributeAdded('StockTicker', 'async.Stockticker@6d2a2560')
23-Dec-2024 22:45:42.445 INFO [Thread-1] org.apache.catalina.core.ApplicationContext.log SessionListener: contextDestroyed()
23-Dec-2024 22:45:42.445 INFO [Thread-1] org.apache.catalina.core.ApplicationContext.log ContextListener: contextDestroyed()
23-Dec-2024 22:47:37.776 INFO [main] org.apache.catalina.core.ApplicationContext.log ContextListener: contextInitialized()
23-Dec-2024 22:47:37.776 INFO [main] org.apache.catalina.core.ApplicationContext.log SessionListener: contextInitialized()
23-Dec-2024 22:47:37.777 INFO [main] org.apache.catalina.core.ApplicationContext.log ContextListener: attributeAdded('StockTicker', 'async.Stockticker@74d6736')
23-Dec-2024 22:48:05.404 INFO [Thread-1] org.apache.catalina.core.ApplicationContext.log SessionListener: contextDestroyed()
23-Dec-2024 22:48:05.404 INFO [Thread-1] org.apache.catalina.core.ApplicationContext.log ContextListener: contextDestroyed()
23-Dec-2024 22:49:11.325 INFO [main] org.apache.catalina.core.ApplicationContext.log ContextListener: contextInitialized()
23-Dec-2024 22:49:11.326 INFO [main] org.apache.catalina.core.ApplicationContext.log SessionListener: contextInitialized()
23-Dec-2024 22:49:11.327 INFO [main] org.apache.catalina.core.ApplicationContext.log ContextListener: attributeAdded('StockTicker', 'async.Stockticker@590f0c50')
23-Dec-2024 22:49:38.676 INFO [Thread-1] org.apache.catalina.core.ApplicationContext.log SessionListener: contextDestroyed()
23-Dec-2024 22:49:38.676 INFO [Thread-1] org.apache.catalina.core.ApplicationContext.log ContextListener: contextDestroyed()
23-Dec-2024 22:59:50.662 INFO [main] org.apache.catalina.core.ApplicationContext.log ContextListener: contextInitialized()
23-Dec-2024 22:59:50.662 INFO [main] org.apache.catalina.core.ApplicationContext.log SessionListener: contextInitialized()
23-Dec-2024 22:59:50.664 INFO [main] org.apache.catalina.core.ApplicationContext.log ContextListener: attributeAdded('StockTicker', 'async.Stockticker@39c96e48')
23-Dec-2024 23:01:27.348 INFO [Thread-1] org.apache.catalina.core.ApplicationContext.log SessionListener: contextDestroyed()
23-Dec-2024 23:01:27.348 INFO [Thread-1] org.apache.catalina.core.ApplicationContext.log ContextListener: contextDestroyed()
23-Dec-2024 23:53:16.148 INFO [main] org.apache.catalina.core.ApplicationContext.log ContextListener: contextInitialized()
23-Dec-2024 23:53:16.148 INFO [main] org.apache.catalina.core.ApplicationContext.log SessionListener: contextInitialized()
23-Dec-2024 23:53:16.150 INFO [main] org.apache.catalina.core.ApplicationContext.log ContextListener: attributeAdded('StockTicker', 'async.Stockticker@39c96e48')
23-Dec-2024 23:53:51.711 INFO [Thread-1] org.apache.catalina.core.ApplicationContext.log SessionListener: contextDestroyed()
23-Dec-2024 23:53:51.711 INFO [Thread-1] org.apache.catalina.core.ApplicationContext.log ContextListener: contextDestroyed()
23-Dec-2024 23:55:14.626 INFO [main] org.apache.catalina.core.ApplicationContext.log ContextListener: contextInitialized()
23-Dec-2024 23:55:14.627 INFO [main] org.apache.catalina.core.ApplicationContext.log SessionListener: contextInitialized()
23-Dec-2024 23:55:14.628 INFO [main] org.apache.catalina.core.ApplicationContext.log ContextListener: attributeAdded('StockTicker', 'async.Stockticker@303c55fa')
23-Dec-2024 23:55:32.121 INFO [Thread-1] org.apache.catalina.core.ApplicationContext.log SessionListener: contextDestroyed()
23-Dec-2024 23:55:32.121 INFO [Thread-1] org.apache.catalina.core.ApplicationContext.log ContextListener: contextDestroyed()
