24-Dec-2024 01:09:30.531 INFO [main] org.apache.catalina.core.ApplicationContext.log ContextListener: contextInitialized()
24-Dec-2024 01:09:30.531 INFO [main] org.apache.catalina.core.ApplicationContext.log SessionListener: contextInitialized()
24-Dec-2024 01:09:30.533 INFO [main] org.apache.catalina.core.ApplicationContext.log ContextListener: attributeAdded('StockTicker', 'async.Stockticker@43d3aba5')
24-Dec-2024 01:09:45.590 INFO [Thread-1] org.apache.catalina.core.ApplicationContext.log SessionListener: contextDestroyed()
24-Dec-2024 01:09:45.590 INFO [Thread-1] org.apache.catalina.core.ApplicationContext.log ContextListener: contextDestroyed()
24-Dec-2024 01:15:08.454 INFO [main] org.apache.catalina.core.ApplicationContext.log ContextListener: contextInitialized()
24-Dec-2024 01:15:08.454 INFO [main] org.apache.catalina.core.ApplicationContext.log SessionListener: contextInitialized()
24-Dec-2024 01:15:08.456 INFO [main] org.apache.catalina.core.ApplicationContext.log ContextListener: attributeAdded('StockTicker', 'async.Stockticker@10947c4e')
24-Dec-2024 02:00:58.054 INFO [Thread-1] org.apache.catalina.core.ApplicationContext.log SessionListener: contextDestroyed()
24-Dec-2024 02:00:58.054 INFO [Thread-1] org.apache.catalina.core.ApplicationContext.log ContextListener: contextDestroyed()
24-Dec-2024 02:01:04.403 INFO [main] org.apache.catalina.core.ApplicationContext.log ContextListener: contextInitialized()
24-Dec-2024 02:01:04.404 INFO [main] org.apache.catalina.core.ApplicationContext.log SessionListener: contextInitialized()
24-Dec-2024 02:01:04.407 INFO [main] org.apache.catalina.core.ApplicationContext.log ContextListener: attributeAdded('StockTicker', 'async.Stockticker@3f81621c')
24-Dec-2024 02:03:27.744 INFO [Thread-1] org.apache.catalina.core.ApplicationContext.log SessionListener: contextDestroyed()
24-Dec-2024 02:03:27.744 INFO [Thread-1] org.apache.catalina.core.ApplicationContext.log ContextListener: contextDestroyed()
24-Dec-2024 02:03:31.233 INFO [main] org.apache.catalina.core.ApplicationContext.log ContextListener: contextInitialized()
24-Dec-2024 02:03:31.233 INFO [main] org.apache.catalina.core.ApplicationContext.log SessionListener: contextInitialized()
24-Dec-2024 02:03:31.235 INFO [main] org.apache.catalina.core.ApplicationContext.log ContextListener: attributeAdded('StockTicker', 'async.Stockticker@51dae791')
24-Dec-2024 02:03:59.262 INFO [Thread-1] org.apache.catalina.core.ApplicationContext.log SessionListener: contextDestroyed()
24-Dec-2024 02:03:59.262 INFO [Thread-1] org.apache.catalina.core.ApplicationContext.log ContextListener: contextDestroyed()
24-Dec-2024 02:06:22.087 INFO [main] org.apache.catalina.core.ApplicationContext.log ContextListener: contextInitialized()
24-Dec-2024 02:06:22.087 INFO [main] org.apache.catalina.core.ApplicationContext.log SessionListener: contextInitialized()
24-Dec-2024 02:06:22.089 INFO [main] org.apache.catalina.core.ApplicationContext.log ContextListener: attributeAdded('StockTicker', 'async.Stockticker@4ecd00b5')
24-Dec-2024 02:08:20.364 INFO [Thread-1] org.apache.catalina.core.ApplicationContext.log SessionListener: contextDestroyed()
24-Dec-2024 02:08:20.364 INFO [Thread-1] org.apache.catalina.core.ApplicationContext.log ContextListener: contextDestroyed()
24-Dec-2024 02:08:24.082 INFO [main] org.apache.catalina.core.ApplicationContext.log ContextListener: contextInitialized()
24-Dec-2024 02:08:24.082 INFO [main] org.apache.catalina.core.ApplicationContext.log SessionListener: contextInitialized()
24-Dec-2024 02:08:24.083 INFO [main] org.apache.catalina.core.ApplicationContext.log ContextListener: attributeAdded('StockTicker', 'async.Stockticker@3f81621c')
24-Dec-2024 02:09:19.503 INFO [Thread-1] org.apache.catalina.core.ApplicationContext.log SessionListener: contextDestroyed()
24-Dec-2024 02:09:19.503 INFO [Thread-1] org.apache.catalina.core.ApplicationContext.log ContextListener: contextDestroyed()
24-Dec-2024 02:09:24.003 INFO [main] org.apache.catalina.core.ApplicationContext.log ContextListener: contextInitialized()
24-Dec-2024 02:09:24.003 INFO [main] org.apache.catalina.core.ApplicationContext.log SessionListener: contextInitialized()
24-Dec-2024 02:09:24.005 INFO [main] org.apache.catalina.core.ApplicationContext.log ContextListener: attributeAdded('StockTicker', 'async.Stockticker@314b9e4b')
24-Dec-2024 02:09:52.323 INFO [Thread-1] org.apache.catalina.core.ApplicationContext.log SessionListener: contextDestroyed()
24-Dec-2024 02:09:52.323 INFO [Thread-1] org.apache.catalina.core.ApplicationContext.log ContextListener: contextDestroyed()
24-Dec-2024 02:25:09.614 INFO [main] org.apache.catalina.core.ApplicationContext.log ContextListener: contextInitialized()
24-Dec-2024 02:25:09.614 INFO [main] org.apache.catalina.core.ApplicationContext.log SessionListener: contextInitialized()
24-Dec-2024 02:25:09.615 INFO [main] org.apache.catalina.core.ApplicationContext.log ContextListener: attributeAdded('StockTicker', 'async.Stockticker@655f69da')
24-Dec-2024 02:25:32.086 INFO [Thread-1] org.apache.catalina.core.ApplicationContext.log SessionListener: contextDestroyed()
24-Dec-2024 02:25:32.086 INFO [Thread-1] org.apache.catalina.core.ApplicationContext.log ContextListener: contextDestroyed()
24-Dec-2024 02:46:23.706 INFO [main] org.apache.catalina.core.ApplicationContext.log ContextListener: contextInitialized()
24-Dec-2024 02:46:23.707 INFO [main] org.apache.catalina.core.ApplicationContext.log SessionListener: contextInitialized()
24-Dec-2024 02:46:23.708 INFO [main] org.apache.catalina.core.ApplicationContext.log ContextListener: attributeAdded('StockTicker', 'async.Stockticker@655f69da')
24-Dec-2024 02:46:38.200 INFO [Thread-1] org.apache.catalina.core.ApplicationContext.log SessionListener: contextDestroyed()
24-Dec-2024 02:46:38.200 INFO [Thread-1] org.apache.catalina.core.ApplicationContext.log ContextListener: contextDestroyed()
24-Dec-2024 03:07:17.012 INFO [main] org.apache.catalina.core.ApplicationContext.log ContextListener: contextInitialized()
24-Dec-2024 03:07:17.012 INFO [main] org.apache.catalina.core.ApplicationContext.log SessionListener: contextInitialized()
24-Dec-2024 03:07:17.014 INFO [main] org.apache.catalina.core.ApplicationContext.log ContextListener: attributeAdded('StockTicker', 'async.Stockticker@f425231')
24-Dec-2024 03:07:44.487 INFO [Thread-1] org.apache.catalina.core.ApplicationContext.log SessionListener: contextDestroyed()
24-Dec-2024 03:07:44.487 INFO [Thread-1] org.apache.catalina.core.ApplicationContext.log ContextListener: contextDestroyed()
24-Dec-2024 03:07:49.599 INFO [main] org.apache.catalina.core.ApplicationContext.log ContextListener: contextInitialized()
24-Dec-2024 03:07:49.599 INFO [main] org.apache.catalina.core.ApplicationContext.log SessionListener: contextInitialized()
24-Dec-2024 03:07:49.601 INFO [main] org.apache.catalina.core.ApplicationContext.log ContextListener: attributeAdded('StockTicker', 'async.Stockticker@1756f7cc')
24-Dec-2024 03:31:04.154 INFO [Thread-1] org.apache.catalina.core.ApplicationContext.log SessionListener: contextDestroyed()
24-Dec-2024 03:31:04.154 INFO [Thread-1] org.apache.catalina.core.ApplicationContext.log ContextListener: contextDestroyed()
24-Dec-2024 03:34:26.041 INFO [main] org.apache.catalina.core.ApplicationContext.log ContextListener: contextInitialized()
24-Dec-2024 03:34:26.041 INFO [main] org.apache.catalina.core.ApplicationContext.log SessionListener: contextInitialized()
24-Dec-2024 03:34:26.043 INFO [main] org.apache.catalina.core.ApplicationContext.log ContextListener: attributeAdded('StockTicker', 'async.Stockticker@abbe000')
24-Dec-2024 03:35:03.547 INFO [Thread-1] org.apache.catalina.core.ApplicationContext.log SessionListener: contextDestroyed()
24-Dec-2024 03:35:03.547 INFO [Thread-1] org.apache.catalina.core.ApplicationContext.log ContextListener: contextDestroyed()
24-Dec-2024 03:35:47.347 INFO [main] org.apache.catalina.core.ApplicationContext.log ContextListener: contextInitialized()
24-Dec-2024 03:35:47.347 INFO [main] org.apache.catalina.core.ApplicationContext.log SessionListener: contextInitialized()
24-Dec-2024 03:35:47.349 INFO [main] org.apache.catalina.core.ApplicationContext.log ContextListener: attributeAdded('StockTicker', 'async.Stockticker@39c96e48')
24-Dec-2024 03:48:01.654 INFO [Thread-1] org.apache.catalina.core.ApplicationContext.log SessionListener: contextDestroyed()
24-Dec-2024 03:48:01.654 INFO [Thread-1] org.apache.catalina.core.ApplicationContext.log ContextListener: contextDestroyed()
24-Dec-2024 03:48:06.303 INFO [main] org.apache.catalina.core.ApplicationContext.log ContextListener: contextInitialized()
24-Dec-2024 03:48:06.303 INFO [main] org.apache.catalina.core.ApplicationContext.log SessionListener: contextInitialized()
24-Dec-2024 03:48:06.304 INFO [main] org.apache.catalina.core.ApplicationContext.log ContextListener: attributeAdded('StockTicker', 'async.Stockticker@590f0c50')
24-Dec-2024 03:48:35.848 INFO [Thread-1] org.apache.catalina.core.ApplicationContext.log SessionListener: contextDestroyed()
24-Dec-2024 03:48:35.848 INFO [Thread-1] org.apache.catalina.core.ApplicationContext.log ContextListener: contextDestroyed()
24-Dec-2024 04:11:07.925 INFO [main] org.apache.catalina.core.ApplicationContext.log ContextListener: contextInitialized()
24-Dec-2024 04:11:07.926 INFO [main] org.apache.catalina.core.ApplicationContext.log SessionListener: contextInitialized()
24-Dec-2024 04:11:07.927 INFO [main] org.apache.catalina.core.ApplicationContext.log ContextListener: attributeAdded('StockTicker', 'async.Stockticker@2e86807a')
24-Dec-2024 04:11:29.615 INFO [Thread-1] org.apache.catalina.core.ApplicationContext.log SessionListener: contextDestroyed()
24-Dec-2024 04:11:29.615 INFO [Thread-1] org.apache.catalina.core.ApplicationContext.log ContextListener: contextDestroyed()
24-Dec-2024 04:13:57.280 INFO [main] org.apache.catalina.core.ApplicationContext.log ContextListener: contextInitialized()
24-Dec-2024 04:13:57.281 INFO [main] org.apache.catalina.core.ApplicationContext.log SessionListener: contextInitialized()
24-Dec-2024 04:13:57.283 INFO [main] org.apache.catalina.core.ApplicationContext.log ContextListener: attributeAdded('StockTicker', 'async.Stockticker@1756f7cc')
24-Dec-2024 04:15:23.470 INFO [Thread-1] org.apache.catalina.core.ApplicationContext.log SessionListener: contextDestroyed()
24-Dec-2024 04:15:23.470 INFO [Thread-1] org.apache.catalina.core.ApplicationContext.log ContextListener: contextDestroyed()
24-Dec-2024 04:17:05.494 INFO [main] org.apache.catalina.core.ApplicationContext.log ContextListener: contextInitialized()
24-Dec-2024 04:17:05.494 INFO [main] org.apache.catalina.core.ApplicationContext.log SessionListener: contextInitialized()
24-Dec-2024 04:17:05.496 INFO [main] org.apache.catalina.core.ApplicationContext.log ContextListener: attributeAdded('StockTicker', 'async.Stockticker@4548d254')
24-Dec-2024 04:22:40.321 INFO [Thread-1] org.apache.catalina.core.ApplicationContext.log SessionListener: contextDestroyed()
24-Dec-2024 04:22:40.321 INFO [Thread-1] org.apache.catalina.core.ApplicationContext.log ContextListener: contextDestroyed()
24-Dec-2024 04:22:45.054 INFO [main] org.apache.catalina.core.ApplicationContext.log ContextListener: contextInitialized()
24-Dec-2024 04:22:45.054 INFO [main] org.apache.catalina.core.ApplicationContext.log SessionListener: contextInitialized()
24-Dec-2024 04:22:45.056 INFO [main] org.apache.catalina.core.ApplicationContext.log ContextListener: attributeAdded('StockTicker', 'async.Stockticker@655f69da')
24-Dec-2024 04:23:08.174 INFO [Thread-1] org.apache.catalina.core.ApplicationContext.log SessionListener: contextDestroyed()
24-Dec-2024 04:23:08.174 INFO [Thread-1] org.apache.catalina.core.ApplicationContext.log ContextListener: contextDestroyed()
24-Dec-2024 04:23:12.240 INFO [main] org.apache.catalina.core.ApplicationContext.log ContextListener: contextInitialized()
24-Dec-2024 04:23:12.242 INFO [main] org.apache.catalina.core.ApplicationContext.log SessionListener: contextInitialized()
24-Dec-2024 04:23:12.244 INFO [main] org.apache.catalina.core.ApplicationContext.log ContextListener: attributeAdded('StockTicker', 'async.Stockticker@4548d254')
24-Dec-2024 04:23:30.447 INFO [Thread-1] org.apache.catalina.core.ApplicationContext.log SessionListener: contextDestroyed()
24-Dec-2024 04:23:30.447 INFO [Thread-1] org.apache.catalina.core.ApplicationContext.log ContextListener: contextDestroyed()
24-Dec-2024 05:39:38.435 INFO [main] org.apache.catalina.core.ApplicationContext.log ContextListener: contextInitialized()
24-Dec-2024 05:39:38.435 INFO [main] org.apache.catalina.core.ApplicationContext.log SessionListener: contextInitialized()
24-Dec-2024 05:39:38.437 INFO [main] org.apache.catalina.core.ApplicationContext.log ContextListener: attributeAdded('StockTicker', 'async.Stockticker@6587305a')
24-Dec-2024 05:40:08.101 INFO [Thread-1] org.apache.catalina.core.ApplicationContext.log SessionListener: contextDestroyed()
24-Dec-2024 05:40:08.102 INFO [Thread-1] org.apache.catalina.core.ApplicationContext.log ContextListener: contextDestroyed()
24-Dec-2024 05:41:39.471 INFO [main] org.apache.catalina.core.ApplicationContext.log ContextListener: contextInitialized()
24-Dec-2024 05:41:39.472 INFO [main] org.apache.catalina.core.ApplicationContext.log SessionListener: contextInitialized()
24-Dec-2024 05:41:39.473 INFO [main] org.apache.catalina.core.ApplicationContext.log ContextListener: attributeAdded('StockTicker', 'async.Stockticker@188598ad')
24-Dec-2024 05:44:03.577 INFO [Thread-1] org.apache.catalina.core.ApplicationContext.log SessionListener: contextDestroyed()
24-Dec-2024 05:44:03.577 INFO [Thread-1] org.apache.catalina.core.ApplicationContext.log ContextListener: contextDestroyed()
24-Dec-2024 05:44:07.592 INFO [main] org.apache.catalina.core.ApplicationContext.log ContextListener: contextInitialized()
24-Dec-2024 05:44:07.592 INFO [main] org.apache.catalina.core.ApplicationContext.log SessionListener: contextInitialized()
24-Dec-2024 05:44:07.594 INFO [main] org.apache.catalina.core.ApplicationContext.log ContextListener: attributeAdded('StockTicker', 'async.Stockticker@4548d254')
24-Dec-2024 05:46:47.408 INFO [Thread-1] org.apache.catalina.core.ApplicationContext.log SessionListener: contextDestroyed()
24-Dec-2024 05:46:47.408 INFO [Thread-1] org.apache.catalina.core.ApplicationContext.log ContextListener: contextDestroyed()
24-Dec-2024 05:46:51.707 INFO [main] org.apache.catalina.core.ApplicationContext.log ContextListener: contextInitialized()
24-Dec-2024 05:46:51.708 INFO [main] org.apache.catalina.core.ApplicationContext.log SessionListener: contextInitialized()
24-Dec-2024 05:46:51.710 INFO [main] org.apache.catalina.core.ApplicationContext.log ContextListener: attributeAdded('StockTicker', 'async.Stockticker@4548d254')
24-Dec-2024 05:47:20.176 INFO [Thread-1] org.apache.catalina.core.ApplicationContext.log SessionListener: contextDestroyed()
24-Dec-2024 05:47:20.176 INFO [Thread-1] org.apache.catalina.core.ApplicationContext.log ContextListener: contextDestroyed()
24-Dec-2024 05:49:23.884 INFO [main] org.apache.catalina.core.ApplicationContext.log ContextListener: contextInitialized()
24-Dec-2024 05:49:23.884 INFO [main] org.apache.catalina.core.ApplicationContext.log SessionListener: contextInitialized()
24-Dec-2024 05:49:23.885 INFO [main] org.apache.catalina.core.ApplicationContext.log ContextListener: attributeAdded('StockTicker', 'async.Stockticker@188598ad')
24-Dec-2024 05:50:19.903 INFO [Thread-1] org.apache.catalina.core.ApplicationContext.log SessionListener: contextDestroyed()
24-Dec-2024 05:50:19.903 INFO [Thread-1] org.apache.catalina.core.ApplicationContext.log ContextListener: contextDestroyed()
24-Dec-2024 05:53:56.835 INFO [main] org.apache.catalina.core.ApplicationContext.log ContextListener: contextInitialized()
24-Dec-2024 05:53:56.835 INFO [main] org.apache.catalina.core.ApplicationContext.log SessionListener: contextInitialized()
24-Dec-2024 05:53:56.837 INFO [main] org.apache.catalina.core.ApplicationContext.log ContextListener: attributeAdded('StockTicker', 'async.Stockticker@740b6628')
24-Dec-2024 05:54:40.051 INFO [Thread-1] org.apache.catalina.core.ApplicationContext.log SessionListener: contextDestroyed()
24-Dec-2024 05:54:40.051 INFO [Thread-1] org.apache.catalina.core.ApplicationContext.log ContextListener: contextDestroyed()
24-Dec-2024 05:55:35.902 INFO [main] org.apache.catalina.core.ApplicationContext.log ContextListener: contextInitialized()
24-Dec-2024 05:55:35.903 INFO [main] org.apache.catalina.core.ApplicationContext.log SessionListener: contextInitialized()
24-Dec-2024 05:55:35.904 INFO [main] org.apache.catalina.core.ApplicationContext.log ContextListener: attributeAdded('StockTicker', 'async.Stockticker@71c5b236')
24-Dec-2024 05:55:47.417 INFO [Thread-1] org.apache.catalina.core.ApplicationContext.log SessionListener: contextDestroyed()
24-Dec-2024 05:55:47.417 INFO [Thread-1] org.apache.catalina.core.ApplicationContext.log ContextListener: contextDestroyed()
